This is XeTeX, Version 3.14159265-2.6-0.999992 (TeX Live 2020) (preloaded format=xelatex 2021.3.29)  6 APR 2021 22:02
entering extended mode
 restricted \write18 enabled.
 %&-line parsing enabled.
**RJafrocBook.tex
(./RJafrocBook.tex
LaTeX2e <2020-10-01> patch level 4
L3 programming layer <2021-02-18> (/Users/Dev/Library/TinyTeX/texmf-dist/tex/la
tex/base/book.cls
Document Class: book 2020/04/10 v1.4m Standard LaTeX document class
(/Users/Dev/Library/TinyTeX/texmf-dist/tex/latex/base/bk10.clo
File: bk10.clo 2020/04/10 v1.4m Standard LaTeX file (size option)
)
\c@part=\count175
\c@chapter=\count176
\c@section=\count177
\c@subsection=\count178
\c@subsubsection=\count179
\c@paragraph=\count180
\c@subparagraph=\count181
\c@figure=\count182
\c@table=\count183
\abovecaptionskip=\skip47
\belowcaptionskip=\skip48
\bibindent=\dimen138
) (/Users/Dev/Library/TinyTeX/texmf-dist/tex/latex/lm/lmodern.sty
Package: lmodern 2009/10/30 v1.6 Latin Modern Fonts
LaTeX Font Info:    Overwriting symbol font `operators' in version `normal'
(Font)                  OT1/cmr/m/n --> OT1/lmr/m/n on input line 22.
LaTeX Font Info:    Overwriting symbol font `letters' in version `normal'
(Font)                  OML/cmm/m/it --> OML/lmm/m/it on input line 23.
LaTeX Font Info:    Overwriting symbol font `symbols' in version `normal'
(Font)                  OMS/cmsy/m/n --> OMS/lmsy/m/n on input line 24.
LaTeX Font Info:    Overwriting symbol font `largesymbols' in version `normal'
(Font)                  OMX/cmex/m/n --> OMX/lmex/m/n on input line 25.
LaTeX Font Info:    Overwriting symbol font `operators' in version `bold'
(Font)                  OT1/cmr/bx/n --> OT1/lmr/bx/n on input line 26.
LaTeX Font Info:    Overwriting symbol font `letters' in version `bold'
(Font)                  OML/cmm/b/it --> OML/lmm/b/it on input line 27.
LaTeX Font Info:    Overwriting symbol font `symbols' in version `bold'
(Font)                  OMS/cmsy/b/n --> OMS/lmsy/b/n on input line 28.
LaTeX Font Info:    Overwriting symbol font `largesymbols' in version `bold'
(Font)                  OMX/cmex/m/n --> OMX/lmex/m/n on input line 29.
LaTeX Font Info:    Overwriting math alphabet `\mathbf' in version `normal'
(Font)                  OT1/cmr/bx/n --> OT1/lmr/bx/n on input line 31.
LaTeX Font Info:    Overwriting math alphabet `\mathsf' in version `normal'
(Font)                  OT1/cmss/m/n --> OT1/lmss/m/n on input line 32.
LaTeX Font Info:    Overwriting math alphabet `\mathit' in version `normal'
(Font)                  OT1/cmr/m/it --> OT1/lmr/m/it on input line 33.
LaTeX Font Info:    Overwriting math alphabet `\mathtt' in version `normal'
(Font)                  OT1/cmtt/m/n --> OT1/lmtt/m/n on input line 34.
LaTeX Font Info:    Overwriting math alphabet `\mathbf' in version `bold'
(Font)                  OT1/cmr/bx/n --> OT1/lmr/bx/n on input line 35.
LaTeX Font Info:    Overwriting math alphabet `\mathsf' in version `bold'
(Font)                  OT1/cmss/bx/n --> OT1/lmss/bx/n on input line 36.
LaTeX Font Info:    Overwriting math alphabet `\mathit' in version `bold'
(Font)                  OT1/cmr/bx/it --> OT1/lmr/bx/it on input line 37.
LaTeX Font Info:    Overwriting math alphabet `\mathtt' in version `bold'
(Font)                  OT1/cmtt/m/n --> OT1/lmtt/m/n on input line 38.
) (/Users/Dev/Library/TinyTeX/texmf-dist/tex/latex/amsfonts/amssymb.sty
Package: amssymb 2013/01/14 v3.01 AMS font symbols
(/Users/Dev/Library/TinyTeX/texmf-dist/tex/latex/amsfonts/amsfonts.sty
Package: amsfonts 2013/01/14 v3.01 Basic AMSFonts support
\@emptytoks=\toks15
\symAMSa=\mathgroup4
\symAMSb=\mathgroup5
LaTeX Font Info:    Redeclaring math symbol \hbar on input line 98.
LaTeX Font Info:    Overwriting math alphabet `\mathfrak' in version `bold'
(Font)                  U/euf/m/n --> U/euf/b/n on input line 106.
)) (/Users/Dev/Library/TinyTeX/texmf-dist/tex/latex/amsmath/amsmath.sty
Package: amsmath 2020/09/23 v2.17i AMS math features
\@mathmargin=\skip49
For additional information on amsmath, use the `?' option.
(/Users/Dev/Library/TinyTeX/texmf-dist/tex/latex/amsmath/amstext.sty
Package: amstext 2000/06/29 v2.01 AMS text
(/Users/Dev/Library/TinyTeX/texmf-dist/tex/latex/amsmath/amsgen.sty
File: amsgen.sty 1999/11/30 v2.0 generic functions
\@emptytoks=\toks16
\ex@=\dimen139
)) (/Users/Dev/Library/TinyTeX/texmf-dist/tex/latex/amsmath/amsbsy.sty
Package: amsbsy 1999/11/29 v1.2d Bold Symbols
\pmbraise@=\dimen140
) (/Users/Dev/Library/TinyTeX/texmf-dist/tex/latex/amsmath/amsopn.sty
Package: amsopn 2016/03/08 v2.02 operator names
)
\inf@bad=\count184
LaTeX Info: Redefining \frac on input line 234.
\uproot@=\count185
\leftroot@=\count186
LaTeX Info: Redefining \overline on input line 399.
\classnum@=\count187
\DOTSCASE@=\count188
LaTeX Info: Redefining \ldots on input line 496.
LaTeX Info: Redefining \dots on input line 499.
LaTeX Info: Redefining \cdots on input line 620.
\Mathstrutbox@=\box47
\strutbox@=\box48
\big@size=\dimen141
LaTeX Font Info:    Redeclaring font encoding OML on input line 743.
LaTeX Font Info:    Redeclaring font encoding OMS on input line 744.
\macc@depth=\count189
\c@MaxMatrixCols=\count190
\dotsspace@=\muskip16
\c@parentequation=\count191
\dspbrk@lvl=\count192
\tag@help=\toks17
\row@=\count193
\column@=\count194
\maxfields@=\count195
\andhelp@=\toks18
\eqnshift@=\dimen142
\alignsep@=\dimen143
\tagshift@=\dimen144
\tagwidth@=\dimen145
\totwidth@=\dimen146
\lineht@=\dimen147
\@envbody=\toks19
\multlinegap=\skip50
\multlinetaggap=\skip51
\mathdisplay@stack=\toks20
LaTeX Info: Redefining \[ on input line 2923.
LaTeX Info: Redefining \] on input line 2924.
) (/Users/Dev/Library/TinyTeX/texmf-dist/tex/generic/iftex/ifxetex.sty
Package: ifxetex 2019/10/25 v0.7 ifxetex legacy package. Use iftex instead.
(/Users/Dev/Library/TinyTeX/texmf-dist/tex/generic/iftex/iftex.sty
Package: iftex 2020/03/06 v1.0d TeX engine tests
)) (/Users/Dev/Library/TinyTeX/texmf-dist/tex/generic/iftex/ifluatex.sty
Package: ifluatex 2019/10/25 v1.5 ifluatex legacy package. Use iftex instead.
) (/Users/Dev/Library/TinyTeX/texmf-dist/tex/latex/unicode-math/unicode-math.st
y (/Users/Dev/Library/TinyTeX/texmf-dist/tex/latex/l3kernel/expl3.sty
Package: expl3 2021-02-18 L3 programming layer (loader) 
(/Users/Dev/Library/TinyTeX/texmf-dist/tex/latex/l3backend/l3backend-xetex.def
File: l3backend-xetex.def 2021-03-18 L3 backend support: XeTeX
(|extractbb --version)
\c__kernel_sys_dvipdfmx_version_int=\count196
\l__color_backend_stack_int=\count197
\g__graphics_track_int=\count198
\l__pdf_internal_box=\box49
\g__pdf_backend_object_int=\count199
\g__pdf_backend_annotation_int=\count266
\g__pdf_backend_link_int=\count267
))
Package: unicode-math 2020/01/31 v0.8q Unicode maths in XeLaTeX and LuaLaTeX

(/Users/Dev/Library/TinyTeX/texmf-dist/tex/latex/unicode-math/unicode-math-xete
x.sty
Package: unicode-math-xetex 2020/01/31 v0.8q Unicode maths in XeLaTeX and LuaLa
TeX
(/Users/Dev/Library/TinyTeX/texmf-dist/tex/latex/l3packages/xparse/xparse.sty
(/Users/Dev/Library/TinyTeX/texmf-dist/tex/latex/l3packages/xparse/xparse-2020-
10-01.sty
(/Users/Dev/Library/TinyTeX/texmf-dist/tex/latex/l3packages/xparse/xparse-gener
ic.tex)))
(/Users/Dev/Library/TinyTeX/texmf-dist/tex/latex/l3packages/l3keys2e/l3keys2e.s
ty
Package: l3keys2e 2021-03-12 LaTeX2e option processing using LaTeX3 keys
) (/Users/Dev/Library/TinyTeX/texmf-dist/tex/latex/fontspec/fontspec.sty
Package: fontspec 2020/02/21 v2.7i Font selection for XeLaTeX and LuaLaTeX
(/Users/Dev/Library/TinyTeX/texmf-dist/tex/latex/fontspec/fontspec-xetex.sty
Package: fontspec-xetex 2020/02/21 v2.7i Font selection for XeLaTeX and LuaLaTe
X
\l__fontspec_script_int=\count268
\l__fontspec_language_int=\count269
\l__fontspec_strnum_int=\count270
\l__fontspec_tmp_int=\count271
\l__fontspec_tmpa_int=\count272
\l__fontspec_tmpb_int=\count273
\l__fontspec_tmpc_int=\count274
\l__fontspec_em_int=\count275
\l__fontspec_emdef_int=\count276
\l__fontspec_strong_int=\count277
\l__fontspec_strongdef_int=\count278
\l__fontspec_tmpa_dim=\dimen148
\l__fontspec_tmpb_dim=\dimen149
\l__fontspec_tmpc_dim=\dimen150
(/Users/Dev/Library/TinyTeX/texmf-dist/tex/latex/base/fontenc.sty
Package: fontenc 2020/08/10 v2.0s Standard LaTeX package
) (/Users/Dev/Library/TinyTeX/texmf-dist/tex/latex/fontspec/fontspec.cfg))) (/U
sers/Dev/Library/TinyTeX/texmf-dist/tex/latex/base/fix-cm.sty
Package: fix-cm 2015/01/14 v1.1t fixes to LaTeX
(/Users/Dev/Library/TinyTeX/texmf-dist/tex/latex/base/ts1enc.def
File: ts1enc.def 2001/06/05 v3.0e (jk/car/fm) Standard LaTeX file
LaTeX Font Info:    Redeclaring font encoding TS1 on input line 47.
))
\g__um_fam_int=\count279
\g__um_fonts_used_int=\count280
\l__um_primecount_int=\count281
\g__um_primekern_muskip=\muskip17

(/Users/Dev/Library/TinyTeX/texmf-dist/tex/latex/unicode-math/unicode-math-tabl
e.tex))) (/Users/Dev/Library/TinyTeX/texmf-dist/tex/latex/xcolor/xcolor.sty
Package: xcolor 2016/05/11 v2.12 LaTeX color extensions (UK)
(/Users/Dev/Library/TinyTeX/texmf-dist/tex/latex/graphics-cfg/color.cfg
File: color.cfg 2016/01/02 v1.6 sample color configuration
)
Package xcolor Info: Driver file: xetex.def on input line 225.
(/Users/Dev/Library/TinyTeX/texmf-dist/tex/latex/graphics-def/xetex.def
File: xetex.def 2020/08/26 v5.0i Graphics/color driver for xetex
)
Package xcolor Info: Model `cmy' substituted by `cmy0' on input line 1348.
Package xcolor Info: Model `RGB' extended on input line 1364.
Package xcolor Info: Model `HTML' substituted by `rgb' on input line 1366.
Package xcolor Info: Model `Hsb' substituted by `hsb' on input line 1367.
Package xcolor Info: Model `tHsb' substituted by `hsb' on input line 1368.
Package xcolor Info: Model `HSB' substituted by `hsb' on input line 1369.
Package xcolor Info: Model `Gray' substituted by `gray' on input line 1370.
Package xcolor Info: Model `wave' substituted by `hsb' on input line 1371.
) (/Users/Dev/Library/TinyTeX/texmf-dist/tex/latex/hyperref/hyperref.sty
Package: hyperref 2021-02-27 v7.00k Hypertext links for LaTeX
(/Users/Dev/Library/TinyTeX/texmf-dist/tex/generic/ltxcmds/ltxcmds.sty
Package: ltxcmds 2020-05-10 v1.25 LaTeX kernel commands for general use (HO)
) (/Users/Dev/Library/TinyTeX/texmf-dist/tex/generic/pdftexcmds/pdftexcmds.sty
Package: pdftexcmds 2020-06-27 v0.33 Utility functions of pdfTeX for LuaTeX (HO
)
(/Users/Dev/Library/TinyTeX/texmf-dist/tex/generic/infwarerr/infwarerr.sty
Package: infwarerr 2019/12/03 v1.5 Providing info/warning/error messages (HO)
)
Package pdftexcmds Info: \pdf@primitive is available.
Package pdftexcmds Info: \pdf@ifprimitive is available.
Package pdftexcmds Info: \pdfdraftmode not found.
) (/Users/Dev/Library/TinyTeX/texmf-dist/tex/latex/graphics/keyval.sty
Package: keyval 2014/10/28 v1.15 key=value parser (DPC)
\KV@toks@=\toks21
) (/Users/Dev/Library/TinyTeX/texmf-dist/tex/generic/kvsetkeys/kvsetkeys.sty
Package: kvsetkeys 2019/12/15 v1.18 Key value parser (HO)
)
(/Users/Dev/Library/TinyTeX/texmf-dist/tex/generic/kvdefinekeys/kvdefinekeys.st
y
Package: kvdefinekeys 2019-12-19 v1.6 Define keys (HO)
) (/Users/Dev/Library/TinyTeX/texmf-dist/tex/generic/pdfescape/pdfescape.sty
Package: pdfescape 2019/12/09 v1.15 Implements pdfTeX's escape features (HO)
) (/Users/Dev/Library/TinyTeX/texmf-dist/tex/latex/hycolor/hycolor.sty
Package: hycolor 2020-01-27 v1.10 Color options for hyperref/bookmark (HO)
) (/Users/Dev/Library/TinyTeX/texmf-dist/tex/latex/letltxmacro/letltxmacro.sty
Package: letltxmacro 2019/12/03 v1.6 Let assignment for LaTeX macros (HO)
) (/Users/Dev/Library/TinyTeX/texmf-dist/tex/latex/auxhook/auxhook.sty
Package: auxhook 2019-12-17 v1.6 Hooks for auxiliary files (HO)
) (/Users/Dev/Library/TinyTeX/texmf-dist/tex/latex/kvoptions/kvoptions.sty
Package: kvoptions 2020-10-07 v3.14 Key value format for package options (HO)
)
\@linkdim=\dimen151
\Hy@linkcounter=\count282
\Hy@pagecounter=\count283
(/Users/Dev/Library/TinyTeX/texmf-dist/tex/latex/hyperref/pd1enc.def
File: pd1enc.def 2021-02-27 v7.00k Hyperref: PDFDocEncoding definition (HO)
)
(/Users/Dev/Library/TinyTeX/texmf-dist/tex/latex/hyperref/hyperref-langpatches.
def
File: hyperref-langpatches.def 2021-02-27 v7.00k Hyperref: patches for babel la
nguages
) (/Users/Dev/Library/TinyTeX/texmf-dist/tex/generic/intcalc/intcalc.sty
Package: intcalc 2019/12/15 v1.3 Expandable calculations with integers (HO)
) (/Users/Dev/Library/TinyTeX/texmf-dist/tex/generic/etexcmds/etexcmds.sty
Package: etexcmds 2019/12/15 v1.7 Avoid name clashes with e-TeX commands (HO)
)
\Hy@SavedSpaceFactor=\count284
(/Users/Dev/Library/TinyTeX/texmf-dist/tex/latex/hyperref/puenc.def
File: puenc.def 2021-02-27 v7.00k Hyperref: PDF Unicode definition (HO)
)
Package hyperref Info: Option `unicode' set `true' on input line 4073.
Package hyperref Info: Hyper figures OFF on input line 4192.
Package hyperref Info: Link nesting OFF on input line 4197.
Package hyperref Info: Hyper index ON on input line 4200.
Package hyperref Info: Plain pages OFF on input line 4207.
Package hyperref Info: Backreferencing OFF on input line 4212.
Package hyperref Info: Implicit mode ON; LaTeX internals redefined.
Package hyperref Info: Bookmarks ON on input line 4445.
\c@Hy@tempcnt=\count285
(/Users/Dev/Library/TinyTeX/texmf-dist/tex/latex/url/url.sty
\Urlmuskip=\muskip18
Package: url 2013/09/16  ver 3.4  Verb mode for urls, etc.
)
LaTeX Info: Redefining \url on input line 4804.
\XeTeXLinkMargin=\dimen152
(/Users/Dev/Library/TinyTeX/texmf-dist/tex/generic/bitset/bitset.sty
Package: bitset 2019/12/09 v1.3 Handle bit-vector datatype (HO)
(/Users/Dev/Library/TinyTeX/texmf-dist/tex/generic/bigintcalc/bigintcalc.sty
Package: bigintcalc 2019/12/15 v1.5 Expandable calculations on big integers (HO
)
))
\Fld@menulength=\count286
\Field@Width=\dimen153
\Fld@charsize=\dimen154
Package hyperref Info: Hyper figures OFF on input line 6075.
Package hyperref Info: Link nesting OFF on input line 6080.
Package hyperref Info: Hyper index ON on input line 6083.
Package hyperref Info: backreferencing OFF on input line 6090.
Package hyperref Info: Link coloring OFF on input line 6095.
Package hyperref Info: Link coloring with OCG OFF on input line 6100.
Package hyperref Info: PDF/A mode OFF on input line 6105.
LaTeX Info: Redefining \ref on input line 6145.
LaTeX Info: Redefining \pageref on input line 6149.
(/Users/Dev/Library/TinyTeX/texmf-dist/tex/latex/base/atbegshi-ltx.sty
Package: atbegshi-ltx 2020/08/17 v1.0a Emulation of the original atbegshi packa
ge
with kernel methods
)
\Hy@abspage=\count287
\c@Item=\count288
\c@Hfootnote=\count289
)
Package hyperref Info: Driver (autodetected): hxetex.
(/Users/Dev/Library/TinyTeX/texmf-dist/tex/latex/hyperref/hxetex.def
File: hxetex.def 2021-02-27 v7.00k Hyperref driver for XeTeX
(/Users/Dev/Library/TinyTeX/texmf-dist/tex/generic/stringenc/stringenc.sty
Package: stringenc 2019/11/29 v1.12 Convert strings between diff. encodings (HO
)
)
\pdfm@box=\box50
\c@Hy@AnnotLevel=\count290
\HyField@AnnotCount=\count291
\Fld@listcount=\count292
\c@bookmark@seq@number=\count293

(/Users/Dev/Library/TinyTeX/texmf-dist/tex/latex/rerunfilecheck/rerunfilecheck.
sty
Package: rerunfilecheck 2019/12/05 v1.9 Rerun checks for auxiliary files (HO)
(/Users/Dev/Library/TinyTeX/texmf-dist/tex/latex/base/atveryend-ltx.sty
Package: atveryend-ltx 2020/08/19 v1.0a Emulation of the original atvery packag
e
with kernel methods
)
(/Users/Dev/Library/TinyTeX/texmf-dist/tex/generic/uniquecounter/uniquecounter.
sty
Package: uniquecounter 2019/12/15 v1.4 Provide unlimited unique counter (HO)
)
Package uniquecounter Info: New unique counter `rerunfilecheck' on input line 2
86.
)
\Hy@SectionHShift=\skip52
) (/Users/Dev/Library/TinyTeX/texmf-dist/tex/latex/fancyvrb/fancyvrb.sty
Package: fancyvrb 2021/01/20 v3.7 verbatim text (tvz,hv)
\FV@CodeLineNo=\count294
\FV@InFile=\read2
\FV@TabBox=\box51
\c@FancyVerbLine=\count295
\FV@StepNumber=\count296
\FV@OutFile=\write3
) (/Users/Dev/Library/TinyTeX/texmf-dist/tex/latex/framed/framed.sty
Package: framed 2011/10/22 v 0.96: framed or shaded text with page breaks
\OuterFrameSep=\skip53
\fb@frw=\dimen155
\fb@frh=\dimen156
\FrameRule=\dimen157
\FrameSep=\dimen158
) (/Users/Dev/Library/TinyTeX/texmf-dist/tex/latex/tools/longtable.sty
Package: longtable 2020/01/07 v4.13 Multi-page Table package (DPC)
\LTleft=\skip54
\LTright=\skip55
\LTpre=\skip56
\LTpost=\skip57
\LTchunksize=\count297
\LTcapwidth=\dimen159
\LT@head=\box52
\LT@firsthead=\box53
\LT@foot=\box54
\LT@lastfoot=\box55
\LT@cols=\count298
\LT@rows=\count299
\c@LT@tables=\count300
\c@LT@chunks=\count301
\LT@p@ftn=\toks22
) (/Users/Dev/Library/TinyTeX/texmf-dist/tex/latex/booktabs/booktabs.sty
Package: booktabs 2020/01/12 v1.61803398 Publication quality tables
\heavyrulewidth=\dimen160
\lightrulewidth=\dimen161
\cmidrulewidth=\dimen162
\belowrulesep=\dimen163
\belowbottomsep=\dimen164
\aboverulesep=\dimen165
\abovetopsep=\dimen166
\cmidrulesep=\dimen167
\cmidrulekern=\dimen168
\defaultaddspace=\dimen169
\@cmidla=\count302
\@cmidlb=\count303
\@aboverulesep=\dimen170
\@belowrulesep=\dimen171
\@thisruleclass=\count304
\@lastruleclass=\count305
\@thisrulewidth=\dimen172
) (/Users/Dev/Library/TinyTeX/texmf-dist/tex/latex/etoolbox/etoolbox.sty
Package: etoolbox 2020/10/05 v2.5k e-TeX tools for LaTeX (JAW)
\etb@tempcnta=\count306
) (/Users/Dev/Library/TinyTeX/texmf-dist/tex/latex/mdwtools/footnote.sty
Package: footnote 1997/01/28 1.13 Save footnotes around boxes
\fn@notes=\box56
\fn@width=\dimen173
) (/Users/Dev/Library/TinyTeX/texmf-dist/tex/latex/graphics/graphicx.sty
Package: graphicx 2020/09/09 v1.2b Enhanced LaTeX Graphics (DPC,SPQR)
(/Users/Dev/Library/TinyTeX/texmf-dist/tex/latex/graphics/graphics.sty
Package: graphics 2020/08/30 v1.4c Standard LaTeX Graphics (DPC,SPQR)
(/Users/Dev/Library/TinyTeX/texmf-dist/tex/latex/graphics/trig.sty
Package: trig 2016/01/03 v1.10 sin cos tan (DPC)
) (/Users/Dev/Library/TinyTeX/texmf-dist/tex/latex/graphics-cfg/graphics.cfg
File: graphics.cfg 2016/06/04 v1.11 sample graphics configuration
)
Package graphics Info: Driver file: xetex.def on input line 105.
)
\Gin@req@height=\dimen174
\Gin@req@width=\dimen175
) (/Users/Dev/Library/TinyTeX/texmf-dist/tex/latex/amscls/amsthm.sty
Package: amsthm 2020/05/29 v2.20.6
\thm@style=\toks23
\thm@bodyfont=\toks24
\thm@headfont=\toks25
\thm@notefont=\toks26
\thm@headpunct=\toks27
\thm@preskip=\skip58
\thm@postskip=\skip59
\thm@headsep=\skip60
\dth@everypar=\toks28
) (/Users/Dev/Library/TinyTeX/texmf-dist/tex/latex/tools/array.sty
Package: array 2020/10/01 v2.5c Tabular extension package (FMi)
\col@sep=\dimen176
\ar@mcellbox=\box57
\extrarowheight=\dimen177
\NC@list=\toks29
\extratabsurround=\skip61
\backup@length=\skip62
\ar@cellbox=\box58
) (/Users/Dev/Library/TinyTeX/texmf-dist/tex/latex/multirow/multirow.sty
Package: multirow 2021/03/15 v2.8 Span multiple rows of a table
\multirow@colwidth=\skip63
\multirow@cntb=\count307
\multirow@dima=\skip64
\bigstrutjot=\dimen178
) (/Users/Dev/Library/TinyTeX/texmf-dist/tex/latex/wrapfig/wrapfig.sty
\wrapoverhang=\dimen179
\WF@size=\dimen180
\c@WF@wrappedlines=\count308
\WF@box=\box59
\WF@everypar=\toks30
Package: wrapfig 2003/01/31  v 3.6
) (/Users/Dev/Library/TinyTeX/texmf-dist/tex/latex/float/float.sty
Package: float 2001/11/08 v1.3d Float enhancements (AL)
\c@float@type=\count309
\float@exts=\toks31
\float@box=\box60
\@float@everytoks=\toks32
\@floatcapt=\box61
) (/Users/Dev/Library/TinyTeX/texmf-dist/tex/latex/colortbl/colortbl.sty
Package: colortbl 2020/01/04 v1.0e Color table columns (DPC)
\everycr=\toks33
\minrowclearance=\skip65
) (/Users/Dev/Library/TinyTeX/texmf-dist/tex/latex/pdflscape/pdflscape.sty
Package: pdflscape 2019/12/05 v0.12 Display of landscape pages in PDF (HO)
(/Users/Dev/Library/TinyTeX/texmf-dist/tex/latex/graphics/lscape.sty
Package: lscape 2020/05/28 v3.02 Landscape Pages (DPC)
)
Package pdflscape Info: Auto-detected driver: dvipdfm (xetex) on input line 98.

) (/Users/Dev/Library/TinyTeX/texmf-dist/tex/latex/tabu/tabu.sty
Package: tabu 2019/01/11 v2.9 - flexible LaTeX tabulars (FC+tabu-fixed)
(/Users/Dev/Library/TinyTeX/texmf-dist/tex/latex/varwidth/varwidth.sty
Package: varwidth 2009/03/30 ver 0.92;  Variable-width minipages
\@vwid@box=\box62
\sift@deathcycles=\count310
\@vwid@loff=\dimen181
\@vwid@roff=\dimen182
)
\c@taburow=\count311
\tabu@nbcols=\count312
\tabu@cnt=\count313
\tabu@Xcol=\count314
\tabu@alloc=\count315
\tabu@nested=\count316
\tabu@target=\dimen183
\tabu@spreadtarget=\dimen184
\tabu@naturalX=\dimen185
\tabucolX=\dimen186
\tabu@Xsum=\dimen187
\extrarowdepth=\dimen188
\abovetabulinesep=\dimen189
\belowtabulinesep=\dimen190
\tabustrutrule=\dimen191
\tabu@thebody=\toks34
\tabu@footnotes=\toks35
\tabu@box=\box63
\tabu@arstrutbox=\box64
\tabu@hleads=\box65
\tabu@vleads=\box66
\tabu@cellskip=\skip66
)
(/Users/Dev/Library/TinyTeX/texmf-dist/tex/latex/threeparttable/threeparttable.
sty
Package: threeparttable 2003/06/13  v 3.0
\@tempboxb=\box67
)
(/Users/Dev/Library/TinyTeX/texmf-dist/tex/latex/threeparttablex/threeparttable
x.sty
Package: threeparttablex 2013/07/23 v0.3 by daleif
(/Users/Dev/Library/TinyTeX/texmf-dist/tex/latex/environ/environ.sty
Package: environ 2014/05/04 v0.3 A new way to define environments
(/Users/Dev/Library/TinyTeX/texmf-dist/tex/latex/trimspaces/trimspaces.sty
Package: trimspaces 2009/09/17 v1.1 Trim spaces around a token list
))
\TPTL@width=\skip67
) (/Users/Dev/Library/TinyTeX/texmf-dist/tex/generic/ulem/ulem.sty
\UL@box=\box68
\UL@hyphenbox=\box69
\UL@skip=\skip68
\UL@hook=\toks36
\UL@height=\dimen192
\UL@pe=\count317
\UL@pixel=\dimen193
\ULC@box=\box70
Package: ulem 2019/11/18
\ULdepth=\dimen194
) (/Users/Dev/Library/TinyTeX/texmf-dist/tex/latex/makecell/makecell.sty
Package: makecell 2009/08/03 V0.1e Managing of Tab Column Heads and Cells
\rotheadsize=\dimen195
\c@nlinenum=\count318
\TeXr@lab=\toks37
) (/Users/Dev/Library/TinyTeX/texmf-dist/tex/latex/natbib/natbib.sty
Package: natbib 2010/09/13 8.31b (PWD, AO)
\bibhang=\skip69
\bibsep=\skip70
LaTeX Info: Redefining \cite on input line 694.
\c@NAT@ctr=\count319
) (./RJafrocBook.aux)
\openout1 = `RJafrocBook.aux'.

LaTeX Font Info:    Checking defaults for OML/cmm/m/it on input line 139.
LaTeX Font Info:    ... okay on input line 139.
LaTeX Font Info:    Checking defaults for OMS/cmsy/m/n on input line 139.
LaTeX Font Info:    ... okay on input line 139.
LaTeX Font Info:    Checking defaults for OT1/cmr/m/n on input line 139.
LaTeX Font Info:    ... okay on input line 139.
LaTeX Font Info:    Checking defaults for T1/cmr/m/n on input line 139.
LaTeX Font Info:    ... okay on input line 139.
LaTeX Font Info:    Checking defaults for TS1/cmr/m/n on input line 139.
LaTeX Font Info:    ... okay on input line 139.
LaTeX Font Info:    Checking defaults for TU/lmr/m/n on input line 139.
LaTeX Font Info:    ... okay on input line 139.
LaTeX Font Info:    Checking defaults for OMX/cmex/m/n on input line 139.
LaTeX Font Info:    ... okay on input line 139.
LaTeX Font Info:    Checking defaults for U/cmr/m/n on input line 139.
LaTeX Font Info:    ... okay on input line 139.
LaTeX Font Info:    Checking defaults for PD1/pdf/m/n on input line 139.
LaTeX Font Info:    ... okay on input line 139.
LaTeX Font Info:    Checking defaults for PU/pdf/m/n on input line 139.
LaTeX Font Info:    ... okay on input line 139.
LaTeX Font Info:    Overwriting math alphabet `\mathrm' in version `normal'
(Font)                  OT1/lmr/m/n --> TU/lmr/m/n on input line 139.
LaTeX Font Info:    Overwriting math alphabet `\mathit' in version `normal'
(Font)                  OT1/lmr/m/it --> TU/lmr/m/it on input line 139.
LaTeX Font Info:    Overwriting math alphabet `\mathbf' in version `normal'
(Font)                  OT1/lmr/bx/n --> TU/lmr/bx/n on input line 139.
LaTeX Font Info:    Overwriting math alphabet `\mathsf' in version `normal'
(Font)                  OT1/lmss/m/n --> TU/lmss/m/n on input line 139.
LaTeX Font Info:    Overwriting math alphabet `\mathsf' in version `bold'
(Font)                  OT1/lmss/bx/n --> TU/lmss/bx/n on input line 139.
LaTeX Font Info:    Overwriting math alphabet `\mathtt' in version `normal'
(Font)                  OT1/lmtt/m/n --> TU/lmtt/m/n on input line 139.
LaTeX Font Info:    Overwriting math alphabet `\mathtt' in version `bold'
(Font)                  OT1/lmtt/m/n --> TU/lmtt/bx/n on input line 139.

Package fontspec Info: latinmodern-math scale = 0.9999964596882403.


Package fontspec Info: latinmodern-math scale = 0.9999964596882403.


Package fontspec Info: latinmodern-math scale = 0.9999964596882403.


Package fontspec Info: Font family 'latinmodern-math.otf(0)' created for font
(fontspec)             'latinmodern-math.otf' with options
(fontspec)             [Scale=MatchLowercase,BoldItalicFont={},ItalicFont={},Sm
allCapsFont={},Script=Math,BoldFont={latinmodern-math.otf}].
(fontspec)              
(fontspec)              This font family consists of the following NFSS
(fontspec)             series/shapes:
(fontspec)              
(fontspec)             - 'normal' (m/n) with NFSS spec.:
(fontspec)             <->s*[0.9999964596882403]"[latinmodern-math.otf]/OT:scri
pt=math;language=dflt;"
(fontspec)             - 'small caps'  (m/sc) with NFSS spec.: 
(fontspec)             - 'bold' (b/n) with NFSS spec.:
(fontspec)             <->s*[0.9999964596882403]"[latinmodern-math.otf]/OT:scri
pt=math;language=dflt;"
(fontspec)             - 'bold small caps'  (b/sc) with NFSS spec.: 

LaTeX Font Info:    Font shape `TU/latinmodern-math.otf(0)/m/n' will be
(Font)              scaled to size 10.0pt on input line 139.

Package fontspec Info: latinmodern-math scale = 0.9999964596882403.


Package fontspec Info: latinmodern-math scale = 0.9999964596882403.


Package fontspec Info: latinmodern-math scale = 0.9999964596882403.


Package fontspec Info: latinmodern-math scale = 0.9999964596882403.


Package fontspec Info: latinmodern-math scale = 0.9999964596882403.


Package fontspec Info: Font family 'latinmodern-math.otf(1)' created for font
(fontspec)             'latinmodern-math.otf' with options
(fontspec)             [Scale=MatchLowercase,BoldItalicFont={},ItalicFont={},Sm
allCapsFont={},Script=Math,SizeFeatures={{Size=8.5-},{Size=6-8.5,Font=latinmode
rn-math.otf,Style=MathScript},{Size=-6,Font=latinmodern-math.otf,Style=MathScri
ptScript}},BoldFont={latinmodern-math.otf}].
(fontspec)              
(fontspec)              This font family consists of the following NFSS
(fontspec)             series/shapes:
(fontspec)              
(fontspec)             - 'normal' (m/n) with NFSS spec.:
(fontspec)             <8.5->s*[0.9999964596882403]"[latinmodern-math.otf]/OT:s
cript=math;language=dflt;"<6-8.5>s*[0.9999964596882403]"[latinmodern-math.otf]/
OT:script=math;language=dflt;+ssty=0;"<-6>s*[0.9999964596882403]"[latinmodern-m
ath.otf]/OT:script=math;language=dflt;+ssty=1;"
(fontspec)             - 'small caps'  (m/sc) with NFSS spec.: 
(fontspec)             - 'bold' (b/n) with NFSS spec.:
(fontspec)             <->s*[0.9999964596882403]"[latinmodern-math.otf]/OT:scri
pt=math;language=dflt;"
(fontspec)             - 'bold small caps'  (b/sc) with NFSS spec.: 

LaTeX Font Info:    Font shape `TU/latinmodern-math.otf(1)/m/n' will be
(Font)              scaled to size 10.0pt on input line 139.
LaTeX Font Info:    Encoding `OT1' has changed to `TU' for symbol font
(Font)              `operators' in the math version `normal' on input line 139.

LaTeX Font Info:    Overwriting symbol font `operators' in version `normal'
(Font)                  OT1/lmr/m/n --> TU/latinmodern-math.otf(1)/m/n on input
 line 139.
LaTeX Font Info:    Encoding `OT1' has changed to `TU' for symbol font
(Font)              `operators' in the math version `bold' on input line 139.
LaTeX Font Info:    Overwriting symbol font `operators' in version `bold'
(Font)                  OT1/lmr/bx/n --> TU/latinmodern-math.otf(1)/b/n on inpu
t line 139.

Package fontspec Info: latinmodern-math scale = 0.9999964596882403.


Package fontspec Info: latinmodern-math scale = 1.000096459334209.


Package fontspec Info: latinmodern-math scale = 0.9999964596882403.


Package fontspec Info: latinmodern-math scale = 1.000096459334209.


Package fontspec Info: latinmodern-math scale = 0.9999964596882403.


Package fontspec Info: latinmodern-math scale = 1.000096459334209.


Package fontspec Info: latinmodern-math scale = 0.9999964596882403.


Package fontspec Info: latinmodern-math scale = 1.000096459334209.


Package fontspec Info: latinmodern-math scale = 0.9999964596882403.


Package fontspec Info: latinmodern-math scale = 1.000096459334209.


Package fontspec Info: Font family 'latinmodern-math.otf(2)' created for font
(fontspec)             'latinmodern-math.otf' with options
(fontspec)             [Scale=MatchLowercase,BoldItalicFont={},ItalicFont={},Sm
allCapsFont={},Script=Math,SizeFeatures={{Size=8.5-},{Size=6-8.5,Font=latinmode
rn-math.otf,Style=MathScript},{Size=-6,Font=latinmodern-math.otf,Style=MathScri
ptScript}},BoldFont={latinmodern-math.otf},ScaleAgain=1.0001,FontAdjustment={\f
ontdimen
(fontspec)             8\font =6.77pt\relax \fontdimen 9\font =3.94pt\relax
(fontspec)             \fontdimen 10\font =4.44pt\relax \fontdimen 11\font
(fontspec)             =6.86pt\relax \fontdimen 12\font =3.45pt\relax
(fontspec)             \fontdimen 13\font =3.63pt\relax \fontdimen 14\font
(fontspec)             =3.63pt\relax \fontdimen 15\font =2.89pt\relax
(fontspec)             \fontdimen 16\font =2.47pt\relax \fontdimen 17\font
(fontspec)             =2.47pt\relax \fontdimen 18\font =2.5pt\relax
(fontspec)             \fontdimen 19\font =2.0pt\relax \fontdimen 22\font
(fontspec)             =2.5pt\relax \fontdimen 20\font =0pt\relax \fontdimen
(fontspec)             21\font =0pt\relax }].
(fontspec)              
(fontspec)              This font family consists of the following NFSS
(fontspec)             series/shapes:
(fontspec)              
(fontspec)             - 'normal' (m/n) with NFSS spec.:
(fontspec)             <8.5->s*[1.000096459334209]"[latinmodern-math.otf]/OT:sc
ript=math;language=dflt;"<6-8.5>s*[1.000096459334209]"[latinmodern-math.otf]/OT
:script=math;language=dflt;+ssty=0;"<-6>s*[1.000096459334209]"[latinmodern-math
.otf]/OT:script=math;language=dflt;+ssty=1;"
(fontspec)             - 'small caps'  (m/sc) with NFSS spec.: 
(fontspec)             and font adjustment code:
(fontspec)             \fontdimen 8\font =6.77pt\relax \fontdimen 9\font
(fontspec)             =3.94pt\relax \fontdimen 10\font =4.44pt\relax
(fontspec)             \fontdimen 11\font =6.86pt\relax \fontdimen 12\font
(fontspec)             =3.45pt\relax \fontdimen 13\font =3.63pt\relax
(fontspec)             \fontdimen 14\font =3.63pt\relax \fontdimen 15\font
(fontspec)             =2.89pt\relax \fontdimen 16\font =2.47pt\relax
(fontspec)             \fontdimen 17\font =2.47pt\relax \fontdimen 18\font
(fontspec)             =2.5pt\relax \fontdimen 19\font =2.0pt\relax \fontdimen
(fontspec)             22\font =2.5pt\relax \fontdimen 20\font =0pt\relax
(fontspec)             \fontdimen 21\font =0pt\relax 
(fontspec)             - 'bold' (b/n) with NFSS spec.:
(fontspec)             <->s*[1.000096459334209]"[latinmodern-math.otf]/OT:scrip
t=math;language=dflt;"
(fontspec)             - 'bold small caps'  (b/sc) with NFSS spec.: 
(fontspec)             and font adjustment code:
(fontspec)             \fontdimen 8\font =6.77pt\relax \fontdimen 9\font
(fontspec)             =3.94pt\relax \fontdimen 10\font =4.44pt\relax
(fontspec)             \fontdimen 11\font =6.86pt\relax \fontdimen 12\font
(fontspec)             =3.45pt\relax \fontdimen 13\font =3.63pt\relax
(fontspec)             \fontdimen 14\font =3.63pt\relax \fontdimen 15\font
(fontspec)             =2.89pt\relax \fontdimen 16\font =2.47pt\relax
(fontspec)             \fontdimen 17\font =2.47pt\relax \fontdimen 18\font
(fontspec)             =2.5pt\relax \fontdimen 19\font =2.0pt\relax \fontdimen
(fontspec)             22\font =2.5pt\relax \fontdimen 20\font =0pt\relax
(fontspec)             \fontdimen 21\font =0pt\relax 

LaTeX Font Info:    Encoding `OMS' has changed to `TU' for symbol font
(Font)              `symbols' in the math version `normal' on input line 139.
LaTeX Font Info:    Overwriting symbol font `symbols' in version `normal'
(Font)                  OMS/lmsy/m/n --> TU/latinmodern-math.otf(2)/m/n on inpu
t line 139.
LaTeX Font Info:    Encoding `OMS' has changed to `TU' for symbol font
(Font)              `symbols' in the math version `bold' on input line 139.
LaTeX Font Info:    Overwriting symbol font `symbols' in version `bold'
(Font)                  OMS/lmsy/b/n --> TU/latinmodern-math.otf(2)/b/n on inpu
t line 139.

Package fontspec Info: latinmodern-math scale = 0.9999964596882403.


Package fontspec Info: latinmodern-math scale = 0.9998964600422715.


Package fontspec Info: latinmodern-math scale = 0.9999964596882403.


Package fontspec Info: latinmodern-math scale = 0.9998964600422715.


Package fontspec Info: latinmodern-math scale = 0.9999964596882403.


Package fontspec Info: latinmodern-math scale = 0.9998964600422715.


Package fontspec Info: latinmodern-math scale = 0.9999964596882403.


Package fontspec Info: latinmodern-math scale = 0.9998964600422715.


Package fontspec Info: latinmodern-math scale = 0.9999964596882403.


Package fontspec Info: latinmodern-math scale = 0.9998964600422715.


Package fontspec Info: Font family 'latinmodern-math.otf(3)' created for font
(fontspec)             'latinmodern-math.otf' with options
(fontspec)             [Scale=MatchLowercase,BoldItalicFont={},ItalicFont={},Sm
allCapsFont={},Script=Math,SizeFeatures={{Size=8.5-},{Size=6-8.5,Font=latinmode
rn-math.otf,Style=MathScript},{Size=-6,Font=latinmodern-math.otf,Style=MathScri
ptScript}},BoldFont={latinmodern-math.otf},ScaleAgain=0.9999,FontAdjustment={\f
ontdimen
(fontspec)             8\font =0.4pt\relax \fontdimen 9\font =2.0pt\relax
(fontspec)             \fontdimen 10\font =1.67pt\relax \fontdimen 11\font
(fontspec)             =1.11pt\relax \fontdimen 12\font =6.0pt\relax
(fontspec)             \fontdimen 13\font =0pt\relax }].
(fontspec)              
(fontspec)              This font family consists of the following NFSS
(fontspec)             series/shapes:
(fontspec)              
(fontspec)             - 'normal' (m/n) with NFSS spec.:
(fontspec)             <8.5->s*[0.9998964600422715]"[latinmodern-math.otf]/OT:s
cript=math;language=dflt;"<6-8.5>s*[0.9998964600422715]"[latinmodern-math.otf]/
OT:script=math;language=dflt;+ssty=0;"<-6>s*[0.9998964600422715]"[latinmodern-m
ath.otf]/OT:script=math;language=dflt;+ssty=1;"
(fontspec)             - 'small caps'  (m/sc) with NFSS spec.: 
(fontspec)             and font adjustment code:
(fontspec)             \fontdimen 8\font =0.4pt\relax \fontdimen 9\font
(fontspec)             =2.0pt\relax \fontdimen 10\font =1.67pt\relax
(fontspec)             \fontdimen 11\font =1.11pt\relax \fontdimen 12\font
(fontspec)             =6.0pt\relax \fontdimen 13\font =0pt\relax 
(fontspec)             - 'bold' (b/n) with NFSS spec.:
(fontspec)             <->s*[0.9998964600422715]"[latinmodern-math.otf]/OT:scri
pt=math;language=dflt;"
(fontspec)             - 'bold small caps'  (b/sc) with NFSS spec.: 
(fontspec)             and font adjustment code:
(fontspec)             \fontdimen 8\font =0.4pt\relax \fontdimen 9\font
(fontspec)             =2.0pt\relax \fontdimen 10\font =1.67pt\relax
(fontspec)             \fontdimen 11\font =1.11pt\relax \fontdimen 12\font
(fontspec)             =6.0pt\relax \fontdimen 13\font =0pt\relax 

LaTeX Font Info:    Encoding `OMX' has changed to `TU' for symbol font
(Font)              `largesymbols' in the math version `normal' on input line 1
39.
LaTeX Font Info:    Overwriting symbol font `largesymbols' in version `normal'
(Font)                  OMX/lmex/m/n --> TU/latinmodern-math.otf(3)/m/n on inpu
t line 139.
LaTeX Font Info:    Encoding `OMX' has changed to `TU' for symbol font
(Font)              `largesymbols' in the math version `bold' on input line 139
.
LaTeX Font Info:    Overwriting symbol font `largesymbols' in version `bold'
(Font)                  OMX/lmex/m/n --> TU/latinmodern-math.otf(3)/b/n on inpu
t line 139.
Package hyperref Info: Link coloring OFF on input line 139.
(/Users/Dev/Library/TinyTeX/texmf-dist/tex/latex/hyperref/nameref.sty
Package: nameref 2021-04-02 v2.47 Cross-referencing by name of section
(/Users/Dev/Library/TinyTeX/texmf-dist/tex/latex/refcount/refcount.sty
Package: refcount 2019/12/15 v3.6 Data extraction from label references (HO)
)
(/Users/Dev/Library/TinyTeX/texmf-dist/tex/generic/gettitlestring/gettitlestrin
g.sty
Package: gettitlestring 2019/12/15 v1.6 Cleanup title references (HO)
)
\c@section@level=\count320
)
LaTeX Info: Redefining \ref on input line 139.
LaTeX Info: Redefining \pageref on input line 139.
LaTeX Info: Redefining \nameref on input line 139.
(./RJafrocBook.out) (./RJafrocBook.out)
\@outlinefile=\write4
\openout4 = `RJafrocBook.out'.

LaTeX Font Info:    Font shape `TU/latinmodern-math.otf(1)/m/n' will be
(Font)              scaled to size 12.0pt on input line 141.
LaTeX Font Info:    Font shape `TU/latinmodern-math.otf(1)/m/n' will be
(Font)              scaled to size 8.0pt on input line 141.
LaTeX Font Info:    Font shape `TU/latinmodern-math.otf(1)/m/n' will be
(Font)              scaled to size 6.0pt on input line 141.
LaTeX Font Info:    Trying to load font information for OML+lmm on input line 1
41.
(/Users/Dev/Library/TinyTeX/texmf-dist/tex/latex/lm/omllmm.fd
File: omllmm.fd 2009/10/30 v1.6 Font defs for Latin Modern
)
LaTeX Font Info:    Font shape `TU/latinmodern-math.otf(2)/m/n' will be
(Font)              scaled to size 12.0011pt on input line 141.
LaTeX Font Info:    Font shape `TU/latinmodern-math.otf(2)/m/n' will be
(Font)              scaled to size 8.00073pt on input line 141.
LaTeX Font Info:    Font shape `TU/latinmodern-math.otf(2)/m/n' will be
(Font)              scaled to size 6.00055pt on input line 141.
LaTeX Font Info:    Font shape `TU/latinmodern-math.otf(3)/m/n' will be
(Font)              scaled to size 11.99872pt on input line 141.
LaTeX Font Info:    Font shape `TU/latinmodern-math.otf(3)/m/n' will be
(Font)              scaled to size 7.99915pt on input line 141.
LaTeX Font Info:    Font shape `TU/latinmodern-math.otf(3)/m/n' will be
(Font)              scaled to size 5.99936pt on input line 141.
LaTeX Font Info:    Trying to load font information for U+msa on input line 141
.
(/Users/Dev/Library/TinyTeX/texmf-dist/tex/latex/amsfonts/umsa.fd
File: umsa.fd 2013/01/14 v3.01 AMS symbols A
)
LaTeX Font Info:    Trying to load font information for U+msb on input line 141
.
(/Users/Dev/Library/TinyTeX/texmf-dist/tex/latex/amsfonts/umsb.fd
File: umsb.fd 2013/01/14 v3.01 AMS symbols B
) [1


] [2

] (./RJafrocBook.toc
LaTeX Font Info:    Font shape `TU/latinmodern-math.otf(1)/m/n' will be
(Font)              scaled to size 7.0pt on input line 2.
LaTeX Font Info:    Font shape `TU/latinmodern-math.otf(1)/m/n' will be
(Font)              scaled to size 5.0pt on input line 2.
LaTeX Font Info:    Font shape `TU/latinmodern-math.otf(2)/m/n' will be
(Font)              scaled to size 10.00092pt on input line 2.
LaTeX Font Info:    Font shape `TU/latinmodern-math.otf(2)/m/n' will be
(Font)              scaled to size 7.00064pt on input line 2.
LaTeX Font Info:    Font shape `TU/latinmodern-math.otf(2)/m/n' will be
(Font)              scaled to size 5.00046pt on input line 2.
LaTeX Font Info:    Font shape `TU/latinmodern-math.otf(3)/m/n' will be
(Font)              scaled to size 9.99893pt on input line 2.
LaTeX Font Info:    Font shape `TU/latinmodern-math.otf(3)/m/n' will be
(Font)              scaled to size 6.99925pt on input line 2.
LaTeX Font Info:    Font shape `TU/latinmodern-math.otf(3)/m/n' will be
(Font)              scaled to size 4.99947pt on input line 2.
[3] [4] [5] [6] [7] [8] [9] [10] [11] [12] [13] [14] [15] [16] [17])
\tf@toc=\write5
\openout5 = `RJafrocBook.toc'.

[18] [19

]
Underfull \hbox (badness 10000) in paragraph at lines 211--213

 []

[20]
Underfull \hbox (badness 2173) in paragraph at lines 297--299
[]\TU/lmr/m/n/10 kbl(dfA, caption = “….”, booktabs = TRUE, escape = FALSE)
 []


Underfull \hbox (badness 1127) in paragraph at lines 297--299
\TU/lmr/m/n/10 %>% collapse_rows(columns = c(1, 3), valign = “middle”) %>%
 []


Overfull \hbox (14.34402pt too wide) in paragraph at lines 297--299
\TU/lmr/m/n/10 kable_styling(latex_options = c(“basic”, “scale_down”, “HOLD_pos
ition”),
 []


Overfull \hbox (4.26094pt too wide) in paragraph at lines 301--302
\TU/lmr/m/n/10 AUC.”, booktabs = TRUE, escape = FALSE) %>% collapse_rows(column
s
 []


Underfull \hbox (badness 2707) in paragraph at lines 301--302
\TU/lmr/m/n/10 = c(1), valign = “middle”) %>% kable_styling(latex_options =
 []

[21] [22

] [23] [24]
Chapter 1.

Overfull \hbox (58.64197pt too wide) in paragraph at lines 341--343
[]\TU/lmr/m/n/10 For example, for help on the function \TU/lmtt/m/n/10 PlotEmpi
ricalOperatingCharacteristics\TU/lmr/m/n/10 : 
 []

[25

] [26

]
Chapter 2.

Underfull \hbox (badness 4403) in paragraph at lines 370--372
[]\TU/lmr/m/n/10 Background on observer performance methods are in my book
 []

[27]
Overfull \hbox (45.1pt too wide) in paragraph at lines 402--404
[]\TU/lmr/m/n/10 The illustrations in this chapter correspond to Excel file \TU
/lmtt/m/n/10 R/quick-start/rocCr.xlsx
 []

LaTeX Font Info:    Font shape `TU/lmtt/bx/n' in size <14.4> not available
(Font)              Font shape `TU/lmtt/b/n' tried instead on input line 408.
File: images/quick-start/rocCrTruth.png Graphic file (type bmp)
<images/quick-start/rocCrTruth.png>

Underfull \vbox (badness 10000) has occurred while \output is active []

[28] [29]
File: images/quick-start/rocCrFp.png Graphic file (type bmp)
<images/quick-start/rocCrFp.png>

Underfull \vbox (badness 10000) has occurred while \output is active []

[30]
Underfull \vbox (badness 10000) has occurred while \output is active []

[31]
File: images/quick-start/rocCrTp.png Graphic file (type bmp)
<images/quick-start/rocCrTp.png>
[32]
LaTeX Font Info:    Font shape `TU/lmtt/bx/n' in size <10> not available
(Font)              Font shape `TU/lmtt/b/n' tried instead on input line 510.
[33] [34

]
Chapter 3.

Overfull \hbox (45.8089pt too wide) in paragraph at lines 548--549
\TU/lmr/m/n/10 In the previous chapter I described the format of the Excel file
 \TU/lmtt/m/n/10 R/quick-start/rocCr.xlsx
 []

File: images/quick-start/rocCrTruth.png Graphic file (type bmp)
<images/quick-start/rocCrTruth.png>

Underfull \vbox (badness 10000) has occurred while \output is active []

[35]
Overfull \vbox (0.47769pt too high) detected at line 582
 []

[36] [37]
Underfull \hbox (badness 2495) in paragraph at lines 641--641
[]\TU/lmr/bx/n/14.4 Correspondence between \TU/lmtt/b/n/14.4 NL \TU/lmr/bx/n/14
.4 member of
 []

File: images/quick-start/rocCrFp.png Graphic file (type bmp)
<images/quick-start/rocCrFp.png>

Underfull \vbox (badness 10000) has occurred while \output is active []

[38]
Overfull \hbox (99.70013pt too wide) has occurred while \output is active
\TU/lmr/m/sl/10 3.4.  CORRESPONDENCE BETWEEN \TU/lmtt/m/sl/10 NL \TU/lmr/m/sl/1
0 MEMBER OF DATASET AND THE \TU/lmtt/m/sl/10 FP \TU/lmr/m/sl/10 WORKSHEET \TU/l
mr/m/n/10 39
 []

[39]
Underfull \hbox (badness 2495) in paragraph at lines 695--695
[]\TU/lmr/bx/n/14.4 Correspondence between \TU/lmtt/b/n/14.4 LL \TU/lmr/bx/n/14
.4 member of
 []

File: images/quick-start/rocCrTp.png Graphic file (type bmp)
<images/quick-start/rocCrTp.png>

Underfull \vbox (badness 10000) has occurred while \output is active []

[40]
Overfull \hbox (99.70013pt too wide) has occurred while \output is active
\TU/lmr/m/sl/10 3.6.  CORRESPONDENCE BETWEEN \TU/lmtt/m/sl/10 LL \TU/lmr/m/sl/1
0 MEMBER OF DATASET AND THE \TU/lmtt/m/sl/10 TP \TU/lmr/m/sl/10 WORKSHEET \TU/l
mr/m/n/10 41
 []

[41] [42]
Chapter 4.
[43

]
File: images/quick-start/frocCrTruth.png Graphic file (type bmp)
<images/quick-start/frocCrTruth.png>
[44] [45] [46]
File: images/quick-start/frocCrNL.png Graphic file (type bmp)
<images/quick-start/frocCrNL.png>
[47]
Underfull \hbox (badness 10000) in paragraph at lines 938--940

 []

[48]
File: images/quick-start/frocCrLL.png Graphic file (type bmp)
<images/quick-start/frocCrLL.png>
[49] [50]
Overfull \hbox (36.88014pt too wide) has occurred while \output is active
\TU/lmr/m/sl/10 4.7.  ON THE DISTRIBUTION OF NUMBERS OF LESIONS IN DISEASED CAS
ES \TU/lmr/m/n/10 51
 []

[51]
LaTeX Font Info:    Font shape `TU/lmtt/bx/n' in size <12> not available
(Font)              Font shape `TU/lmtt/b/n' tried instead on input line 1087.
[52] [53]
Underfull \vbox (badness 1297) detected at line 1256
 []

[54] [55] [56

]
Chapter 5.
[57] [58]
Underfull \hbox (badness 10000) in paragraph at lines 1397--1399

 []

[59] [60] [61] [62] [63] [64]
Chapter 6.
[65

]
Underfull \hbox (badness 10000) in paragraph at lines 1697--1699

 []

[66] [67] [68] [69] [70

]
Chapter 7.

Underfull \hbox (badness 1292) in paragraph at lines 1893--1894
\TU/lmr/m/n/10 This illustrates the \TU/lmtt/m/n/10 UtilOutputReport() \TU/lmr/
m/n/10 function. The arguments are
 []


Underfull \hbox (badness 1152) in paragraph at lines 1893--1894
\TU/lmr/m/n/10 two chapters, the report file base name \TU/lmtt/m/n/10 ReportFi
leBaseName \TU/lmr/m/n/10 is set to
 []

[71]
Overfull \hbox (91.98003pt too wide) in paragraph at lines 1906--1907
[]\TU/lmr/m/n/10 The following screen shots display the contents of the created
 file \TU/lmtt/m/n/10 "R/quick-start/MyResults.xlsx"\TU/lmr/m/n/10 . 
 []

File: R/quick-start/MyResultsSummary.png Graphic file (type bmp)
<R/quick-start/MyResultsSummary.png>
File: R/quick-start/MyResultsFOMs.png Graphic file (type bmp)
<R/quick-start/MyResultsFOMs.png>

Underfull \hbox (badness 1412) in paragraph at lines 1914--1914
[]\TU/lmr/m/n/10 Figure 7.1: []‘Summary‘ and ‘FOMs‘ worksheets of Excel file ‘R
/quick-
 []

File: R/quick-start/MyResultsANOVA1.png Graphic file (type bmp)
<R/quick-start/MyResultsANOVA1.png>
File: R/quick-start/MyResultsANOVA2.png Graphic file (type bmp)
<R/quick-start/MyResultsANOVA2.png>
File: R/quick-start/MyResultsRRRC.png Graphic file (type bmp)
<R/quick-start/MyResultsRRRC.png>
File: R/quick-start/MyResultsFRRC.png Graphic file (type bmp)
<R/quick-start/MyResultsFRRC.png>
File: R/quick-start/MyResultsRRFC.png Graphic file (type bmp)
<R/quick-start/MyResultsRRFC.png>
[72] [73] [74

] [75] [76]
Chapter 8.
[77

] [78]
Underfull \vbox (badness 5302) has occurred while \output is active []

[79] [80]
Overfull \hbox (28.26343pt too wide) has occurred while \output is active
\TU/lmr/m/sl/10 8.4.  IMAGING DEVICE DEVELOPMENT AND ITS CLINICAL DEPLOYMENT \T
U/lmr/m/n/10 81
 []

[81] [82]
Overfull \hbox (28.26343pt too wide) has occurred while \output is active
\TU/lmr/m/sl/10 8.4.  IMAGING DEVICE DEVELOPMENT AND ITS CLINICAL DEPLOYMENT \T
U/lmr/m/n/10 83
 []

[83]
File: images/AcrPhantom.png Graphic file (type bmp)
<images/AcrPhantom.png>
File: images/Clinical.png Graphic file (type bmp)
<images/Clinical.png>

Overfull \hbox (2.22542pt too wide) in paragraph at lines 2010--2010
[][] []
 []


Underfull \vbox (badness 2452) has occurred while \output is active []

[84]
Underfull \vbox (badness 10000) has occurred while \output is active []


Overfull \hbox (28.26343pt too wide) has occurred while \output is active
\TU/lmr/m/sl/10 8.4.  IMAGING DEVICE DEVELOPMENT AND ITS CLINICAL DEPLOYMENT \T
U/lmr/m/n/10 85
 []

[85] [86]
Overfull \hbox (23.54123pt too wide) has occurred while \output is active
\TU/lmr/m/sl/10 8.6.  WHY PHYSICAL MEASURES OF IMAGE QUALITY ARE NOT ENOUGH \TU
/lmr/m/n/10 87
 []

[87]
Overfull \hbox (0.242pt too wide) in paragraph at lines 2042--2043
\TU/lmr/m/n/10 disk-free locations. To be technical, the procedure yields the s
ignal-to-noise-ratio
 []

[88]
Underfull \hbox (badness 3907) in paragraph at lines 2051--2051
[]\TU/lmr/bx/n/14.4 Measuring observer performance: four
 []

[89] [90] [91]
Overfull \hbox (1.85002pt too wide) in paragraph at lines 2084--2101
 [][] 
 []

[92] [93] [94] [95] [96]
Chapter 9.
[97

] [98]
Overfull \hbox (26.36287pt too wide) in paragraph at lines 2218--2229
 [][] 
 []

[99] [100] [101] [102] [103] [104] [105] [106] [107] [108]
Chapter 10.
[109

] [110] [111] [112]
Underfull \vbox (badness 10000) has occurred while \output is active []

[113] [114] [115] [116]
File: 03-modeling-binary-task_files/figure-latex/binary-task-model-plots1-1.pdf
 Graphic file (type pdf)
<use 03-modeling-binary-task_files/figure-latex/binary-task-model-plots1-1.pdf>


Underfull \vbox (badness 2671) has occurred while \output is active []

[117] [118]
File: 03-modeling-binary-task_files/figure-latex/binary-task-model-shaded-tails
-1.pdf Graphic file (type pdf)
<use 03-modeling-binary-task_files/figure-latex/binary-task-model-shaded-tails-
1.pdf>

Underfull \vbox (badness 10000) has occurred while \output is active []

[119] [120]
Overfull \hbox (7.70451pt too wide) has occurred while \output is active
\TU/lmr/m/sl/10 10.8.  ANALYTIC EXPRESSIONS FOR SPECIFICITY AND SENSITIVITY \TU
/lmr/m/n/10 121
 []

[121] [122]
File: 03-modeling-binary-task_files/figure-latex/binary-task-model-shaded-plots
-1.pdf Graphic file (type pdf)
<use 03-modeling-binary-task_files/figure-latex/binary-task-model-shaded-plots-
1.pdf>

Overfull \hbox (7.70451pt too wide) has occurred while \output is active
\TU/lmr/m/sl/10 10.8.  ANALYTIC EXPRESSIONS FOR SPECIFICITY AND SENSITIVITY \TU
/lmr/m/n/10 123
 []

[123] [124]
Overfull \hbox (64.51231pt too wide) has occurred while \output is active
\TU/lmr/m/sl/10 10.9.  DEMONSTRATION OF THE CONCEPTS OF SENSITIVITY AND SPECIFI
CITY \TU/lmr/m/n/10 125
 []

[125] [126]
Overfull \hbox (64.51231pt too wide) has occurred while \output is active
\TU/lmr/m/sl/10 10.9.  DEMONSTRATION OF THE CONCEPTS OF SENSITIVITY AND SPECIFI
CITY \TU/lmr/m/n/10 127
 []

[127]
Underfull \vbox (badness 10000) has occurred while \output is active []

[128]
Overfull \hbox (162.21683pt too wide) has occurred while \output is active
\TU/lmr/m/sl/10 10.10.  INVERSE VARIATION OF SENSITIVITY AND SPECIFICITY AND TH
E NEED FOR A SINGLE FOM \TU/lmr/m/n/10 129
 []

[129] [130]
File: 03-modeling-binary-task_files/figure-latex/binary-task-model-RocCurvesEqV
arModel-1.pdf Graphic file (type pdf)
<use 03-modeling-binary-task_files/figure-latex/binary-task-model-RocCurvesEqVa
rModel-1.pdf>
[131] [132] [133] [134]
File: 03-modeling-binary-task_files/figure-latex/binary-task-model-MainAnalytic
alROC-1.pdf Graphic file (type pdf)
<use 03-modeling-binary-task_files/figure-latex/binary-task-model-MainAnalytica
lROC-1.pdf>
[135] [136]
Overfull \hbox (21.94344pt too wide) has occurred while \output is active
\TU/lmr/m/sl/10 10.12.  ASSIGNING CONFIDENCE INTERVALS TO AN OPERATING POINT \T
U/lmr/m/n/10 137
 []

[137] [138]
Overfull \hbox (21.94344pt too wide) has occurred while \output is active
\TU/lmr/m/sl/10 10.12.  ASSIGNING CONFIDENCE INTERVALS TO AN OPERATING POINT \T
U/lmr/m/n/10 139
 []

[139]
Overfull \vbox (2.01997pt too high) detected at line 3568
 []

[140]
File: images/BeamStudy.png Graphic file (type bmp)
<images/BeamStudy.png>

Overfull \hbox (72.39124pt too wide) has occurred while \output is active
\TU/lmr/m/sl/10 10.13.  VARIABILITY IN SENSITIVITY AND SPECIFICITY: THE BEAM ET
 AL STUDY \TU/lmr/m/n/10 141
 []

[141] [142] [143] [144]
Chapter 11.
[145

] [146] [147] [148] [149]
Overfull \hbox (94.39871pt too wide) detected at line 3858
[][][][] [] [] [] [][] [] [] [] [][] [] [][][][][] [] [][][][] [] [] [] [][] []
 [] [] [][] [] [][][][]
 []

[150] [151]
File: 04-ratings-task_files/figure-latex/ratings-paradigm-eq-var-fit-a-1.pdf Gr
aphic file (type pdf)
<use 04-ratings-task_files/figure-latex/ratings-paradigm-eq-var-fit-a-1.pdf>
[152]
Underfull \vbox (badness 1533) has occurred while \output is active []

[153] [154] [155]
File: images/AcquiringData6PointScale.png Graphic file (type bmp)
<images/AcquiringData6PointScale.png>
[156] [157]
File: images/2AFC.png Graphic file (type bmp)
<images/2AFC.png>

Underfull \vbox (badness 10000) has occurred while \output is active []

[158]
Overfull \hbox (150.64127pt too wide) has occurred while \output is active
\TU/lmr/m/sl/10 11.10.  OBSERVER PERFORMANCE STUDIES AS LABORATORY SIMULATIONS 
OF CLINICAL TASKS \TU/lmr/m/n/10 159
 []

[159] [160] [161] [162] [163] [164] [165] [166]
Underfull \vbox (badness 10000) has occurred while \output is active []

[167] [168]
Chapter 12.
[169

] [170] [171] [172]
File: 05-empirical-auc_files/figure-latex/empirical-auc-EmpiricalPlot-1.pdf Gra
phic file (type pdf)
<use 05-empirical-auc_files/figure-latex/empirical-auc-EmpiricalPlot-1.pdf>

Underfull \vbox (badness 10000) has occurred while \output is active []

[173] [174]
File: 05-empirical-auc_files/figure-latex/empirical-auc-EmpiricalAUC-1.pdf Grap
hic file (type pdf)
<use 05-empirical-auc_files/figure-latex/empirical-auc-EmpiricalAUC-1.pdf>

Underfull \vbox (badness 10000) has occurred while \output is active []

[175] [176] [177] [178]
File: 05-empirical-auc_files/figure-latex/empirical-auc-BambersTheorem-1.pdf Gr
aphic file (type pdf)
<use 05-empirical-auc_files/figure-latex/empirical-auc-BambersTheorem-1.pdf>
[179] [180] [181] [182] [183] [184

]
Chapter 13.
[185] [186]
File: 06-binormal-model_files/figure-latex/unnamed-chunk-2-1.pdf Graphic file (
type pdf)
<use 06-binormal-model_files/figure-latex/unnamed-chunk-2-1.pdf>
[187] [188] [189]
File: 06-binormal-model_files/figure-latex/binormal-model-ab2-mu-sigma-1.pdf Gr
aphic file (type pdf)
<use 06-binormal-model_files/figure-latex/binormal-model-ab2-mu-sigma-1.pdf>
[190] [191] [192] [193]
File: 06-binormal-model_files/figure-latex/binormal-model-threshold-dependence-
1-1.pdf Graphic file (type pdf)
<use 06-binormal-model_files/figure-latex/binormal-model-threshold-dependence-1
-1.pdf>
[194] [195]
File: 06-binormal-model_files/figure-latex/binormal-model-threshold-dependence-
2-1.pdf Graphic file (type pdf)
<use 06-binormal-model_files/figure-latex/binormal-model-threshold-dependence-2
-1.pdf>
File: 06-binormal-model_files/figure-latex/binormal-model-threshold-dependence-
3-1.pdf Graphic file (type pdf)
<use 06-binormal-model_files/figure-latex/binormal-model-threshold-dependence-3
-1.pdf>
[196] [197] [198] [199]
File: 06-binormal-model_files/figure-latex/binormal-modelStraightLineFit-1.pdf 
Graphic file (type pdf)
<use 06-binormal-model_files/figure-latex/binormal-modelStraightLineFit-1.pdf>
[200] [201] [202] [203] [204]
File: 06-binormal-model_files/figure-latex/unnamed-chunk-10-1.pdf Graphic file 
(type pdf)
<use 06-binormal-model_files/figure-latex/unnamed-chunk-10-1.pdf>

Underfull \vbox (badness 10000) has occurred while \output is active []

[205] [206] [207] [208] [209] [210] [211] [212] [213]
Underfull \vbox (badness 10000) detected at line 5612
 []


Underfull \vbox (badness 10000) detected at line 5612
 []

[214]
File: 06-binormal-model_files/figure-latex/unnamed-chunk-12-1.pdf Graphic file 
(type pdf)
<use 06-binormal-model_files/figure-latex/unnamed-chunk-12-1.pdf>
File: 06-binormal-model_files/figure-latex/unnamed-chunk-12-2.pdf Graphic file 
(type pdf)
<use 06-binormal-model_files/figure-latex/unnamed-chunk-12-2.pdf>
File: 06-binormal-model_files/figure-latex/unnamed-chunk-12-3.pdf Graphic file 
(type pdf)
<use 06-binormal-model_files/figure-latex/unnamed-chunk-12-3.pdf>
File: 06-binormal-model_files/figure-latex/unnamed-chunk-12-4.pdf Graphic file 
(type pdf)
<use 06-binormal-model_files/figure-latex/unnamed-chunk-12-4.pdf>
File: 06-binormal-model_files/figure-latex/unnamed-chunk-12-5.pdf Graphic file 
(type pdf)
<use 06-binormal-model_files/figure-latex/unnamed-chunk-12-5.pdf>
File: 06-binormal-model_files/figure-latex/unnamed-chunk-12-6.pdf Graphic file 
(type pdf)
<use 06-binormal-model_files/figure-latex/unnamed-chunk-12-6.pdf>
File: 06-binormal-model_files/figure-latex/unnamed-chunk-12-7.pdf Graphic file 
(type pdf)
<use 06-binormal-model_files/figure-latex/unnamed-chunk-12-7.pdf>
File: 06-binormal-model_files/figure-latex/unnamed-chunk-12-8.pdf Graphic file 
(type pdf)
<use 06-binormal-model_files/figure-latex/unnamed-chunk-12-8.pdf>
File: 06-binormal-model_files/figure-latex/unnamed-chunk-12-9.pdf Graphic file 
(type pdf)
<use 06-binormal-model_files/figure-latex/unnamed-chunk-12-9.pdf>

Overfull \hbox (0.98206pt too wide) in paragraph at lines 5614--5615
[][] [] []
 []


Overfull \hbox (0.98206pt too wide) in paragraph at lines 5614--5615
[] [] []
 []


Overfull \hbox (0.98206pt too wide) in paragraph at lines 5614--5615
[] [] [] 
 []


Underfull \vbox (badness 10000) has occurred while \output is active []

[215] [216] [217] [218

]
Chapter 14.
[219] [220] [221] [222] [223] [224]
Overfull \vbox (1.75995pt too high) detected at line 5799
 []

[225] [226]
Underfull \vbox (badness 2875) has occurred while \output is active []

[227] [228] [229] [230] [231] [232] [233] [234]
Underfull \vbox (badness 10000) detected at line 6151
 []


Underfull \vbox (badness 10000) detected at line 6151
 []

[235] [236] [237] [238] [239]
Underfull \hbox (badness 1184) in paragraph at lines 6318--6319
\TU/lmr/m/n/10 The next simulation is with \TU/lmtt/m/n/10 seed \TU/lmr/m/n/10 
= 1 and \TU/lmtt/m/n/10 P \TU/lmr/m/n/10 = 2000, but this time
 []

[240] [241] [242] [243

] [244]
Chapter 15.
[245

] [246] [247] [248] [249] [250] [251] [252] [253] [254] [255]
File: 08-hypothesis-testing_files/figure-latex/unnamed-chunk-7-1.pdf Graphic fi
le (type pdf)
<use 08-hypothesis-testing_files/figure-latex/unnamed-chunk-7-1.pdf>
[256] [257] [258] [259] [260] [261] [262]
Chapter 16.
[263

] [264] [265] [266] [267] [268] [269] [270] [271] [272]
Chapter 17.

Underfull \hbox (badness 10000) in paragraph at lines 6966--6968

 []


Underfull \hbox (badness 10000) in paragraph at lines 6968--6970

 []

[273

] [274] [275] [276] [277] [278] [279]
Underfull \hbox (badness 10000) in paragraph at lines 7174--7174
[]\TU/lmr/bx/n/14.4 Random-reader random-case (RRRC)
 []

[280] [281] [282] [283] [284] [285]
Overfull \hbox (0.51392pt too wide) detected at line 7413
[][][][] [] [] [] [][][]
 []

[286] [287] [288]
Overfull \hbox (124.60345pt too wide) has occurred while \output is active
\TU/lmr/m/sl/10 17.5.  SAMPLE SIZE ESTIMATION FOR RANDOM-READER RANDOM-CASE GEN
ERALIZATION \TU/lmr/m/n/10 289
 []

[289] [290]
Overfull \hbox (124.60345pt too wide) has occurred while \output is active
\TU/lmr/m/sl/10 17.5.  SAMPLE SIZE ESTIMATION FOR RANDOM-READER RANDOM-CASE GEN
ERALIZATION \TU/lmr/m/n/10 291
 []

[291]
Underfull \vbox (badness 1292) has occurred while \output is active []

[292]
Overfull \hbox (259.33015pt too wide) has occurred while \output is active
\TU/lmr/m/sl/10 17.7.  SIGNIFICANCE TESTING AND SAMPLE SIZE ESTIMATION FOR RAND
OM-READER FIXED-CASE GENERALIZATION \TU/lmr/m/n/10 293
 []

[293] [294] [295] [296]
Chapter 18.
[297

] [298]
Underfull \vbox (badness 3302) has occurred while \output is active []

[299] [300] [301] [302

]
Chapter 19.
[303]
Overfull \hbox (47.95561pt too wide) has occurred while \output is active
\TU/lmr/m/n/10 304 \TU/lmr/m/sl/10 CHAPTER 19.  INTRODUCTION TO THE OBUCHOWSKI-
ROCKETTE METHOD
 []

[304] [305]
Overfull \hbox (47.95561pt too wide) has occurred while \output is active
\TU/lmr/m/n/10 306 \TU/lmr/m/sl/10 CHAPTER 19.  INTRODUCTION TO THE OBUCHOWSKI-
ROCKETTE METHOD
 []

[306] [307]
Overfull \hbox (47.95561pt too wide) has occurred while \output is active
\TU/lmr/m/n/10 308 \TU/lmr/m/sl/10 CHAPTER 19.  INTRODUCTION TO THE OBUCHOWSKI-
ROCKETTE METHOD
 []

[308] [309]
Overfull \hbox (47.95561pt too wide) has occurred while \output is active
\TU/lmr/m/n/10 310 \TU/lmr/m/sl/10 CHAPTER 19.  INTRODUCTION TO THE OBUCHOWSKI-
ROCKETTE METHOD
 []

[310] [311]
Overfull \hbox (47.95561pt too wide) has occurred while \output is active
\TU/lmr/m/n/10 312 \TU/lmr/m/sl/10 CHAPTER 19.  INTRODUCTION TO THE OBUCHOWSKI-
ROCKETTE METHOD
 []

[312] [313]
Overfull \hbox (11.69002pt too wide) in paragraph at lines 8458--8459
[]\TU/lmr/m/n/10 Shown below are results obtained using \TU/lmtt/m/n/10 RJafroc
 \TU/lmr/m/n/10 function \TU/lmtt/m/n/10 StSignificanceTesting
 []


Overfull \hbox (47.95561pt too wide) has occurred while \output is active
\TU/lmr/m/n/10 314 \TU/lmr/m/sl/10 CHAPTER 19.  INTRODUCTION TO THE OBUCHOWSKI-
ROCKETTE METHOD
 []

[314] [315]
Overfull \hbox (47.95561pt too wide) has occurred while \output is active
\TU/lmr/m/n/10 316 \TU/lmr/m/sl/10 CHAPTER 19.  INTRODUCTION TO THE OBUCHOWSKI-
ROCKETTE METHOD
 []

[316] [317]
Overfull \hbox (47.95561pt too wide) has occurred while \output is active
\TU/lmr/m/n/10 318 \TU/lmr/m/sl/10 CHAPTER 19.  INTRODUCTION TO THE OBUCHOWSKI-
ROCKETTE METHOD
 []

[318] [319]
Overfull \hbox (47.95561pt too wide) has occurred while \output is active
\TU/lmr/m/n/10 320 \TU/lmr/m/sl/10 CHAPTER 19.  INTRODUCTION TO THE OBUCHOWSKI-
ROCKETTE METHOD
 []

[320] [321]
Underfull \hbox (badness 1320) in paragraph at lines 8837--8839
\TU/lmr/m/n/10 FOMs is smaller than the common variation between same-reader
 []


Overfull \hbox (47.95561pt too wide) has occurred while \output is active
\TU/lmr/m/n/10 322 \TU/lmr/m/sl/10 CHAPTER 19.  INTRODUCTION TO THE OBUCHOWSKI-
ROCKETTE METHOD
 []

[322] [323]
Overfull \hbox (47.95561pt too wide) has occurred while \output is active
\TU/lmr/m/n/10 324 \TU/lmr/m/sl/10 CHAPTER 19.  INTRODUCTION TO THE OBUCHOWSKI-
ROCKETTE METHOD
 []

[324

]
Chapter 20.
[325] [326] [327] [328]
Underfull \hbox (badness 10000) in paragraph at lines 8981--8983

 []

[329]
Overfull \hbox (2.01372pt too wide) detected at line 9068
[]
 []

[330] [331] [332]
Chapter 21.

Underfull \hbox (badness 1521) in paragraph at lines 9169--9170
\TU/lmr/m/n/10 explicit implementations of formulae presented in the previous c
hapter.
 []

[333

]
Overfull \hbox (9.82pt too wide) in paragraph at lines 9230--9232
[]\TU/lmr/m/n/10 The first step is to calculate the figures of merit using \TU/
lmtt/m/n/10 UtilFigureOfMerit()\TU/lmr/m/n/10 . 
 []

[334] [335]
Underfull \hbox (badness 1609) in paragraph at lines 9308--9310
[]\TU/lmtt/m/n/10 Cov2 \TU/lmr/m/n/10 is in \TU/lmtt/m/n/10 vc$VarCom["Cov2", "
Estimates"]\TU/lmr/m/n/10 , whose value is
 []


Underfull \hbox (badness 1609) in paragraph at lines 9310--9311
[]\TU/lmtt/m/n/10 Cov3 \TU/lmr/m/n/10 is in \TU/lmtt/m/n/10 vc$VarCom["Cov3", "
Estimates"]\TU/lmr/m/n/10 , whose value is
 []

[336] [337] [338] [339] [340] [341] [342] [343] [344] [345]
Overfull \hbox (15.09201pt too wide) in paragraph at lines 9911--9912
[]\TU/lmr/m/n/10 For example, the treatment mean squares is \TU/lmtt/m/n/10 st1
$RRRC$FTests["Treatment",
 []

[346]
Overfull \hbox (15.09201pt too wide) in paragraph at lines 9953--9954
[]\TU/lmr/m/n/10 For example, the treatment mean squares is \TU/lmtt/m/n/10 st1
$FRRC$FTests["Treatment",
 []

[347]
Overfull \hbox (8.95201pt too wide) in paragraph at lines 10043--10044
[]\TU/lmr/m/n/10 For example, the treatment-reader mean squares is \TU/lmtt/m/n
/10 st1$RRFC$FTests["TR",
 []

[348] [349]
Underfull \vbox (badness 10000) detected at line 10299
 []


Underfull \vbox (badness 10000) detected at line 10299
 []

[350]
Underfull \vbox (badness 10000) detected at line 10299
 []


Underfull \vbox (badness 10000) detected at line 10299
 []

[351]
Underfull \vbox (badness 10000) detected at line 10299
 []


Underfull \vbox (badness 10000) detected at line 10299
 []

[352]
Underfull \vbox (badness 10000) detected at line 10299
 []


Underfull \vbox (badness 10000) detected at line 10299
 []

[353]
Overfull \hbox (3.13298pt too wide) in paragraph at lines 10310--10312
\TU/lmr/m/n/10 treatment difference FOMs, averaged over readers, i.e., $[][][]$
. 
 []

[354] [355]
Underfull \vbox (badness 10000) detected at line 10582
 []


Underfull \vbox (badness 10000) detected at line 10582
 []

[356]
Underfull \vbox (badness 10000) detected at line 10582
 []


Underfull \vbox (badness 10000) detected at line 10582
 []

[357]
Underfull \vbox (badness 10000) detected at line 10582
 []


Underfull \vbox (badness 10000) detected at line 10582
 []

[358]
Underfull \vbox (badness 10000) detected at line 10582
 []


Underfull \vbox (badness 10000) detected at line 10582
 []

[359]
Overfull \hbox (3.13298pt too wide) in paragraph at lines 10595--10597
\TU/lmr/m/n/10 treatment difference FOMs, averaged over readers, i.e., $[][][]$
. 
 []

[360]
Underfull \hbox (badness 10000) in paragraph at lines 10617--10619
[]\TU/lmtt/m/n/10 st3$FRRC$ciDiffTrt \TU/lmr/m/n/10 contains the confidence int
ervals for the
 []


Underfull \hbox (badness 1303) in paragraph at lines 10617--10619
\TU/lmr/m/n/10 inter-treatment paired difference FOMs averaged over readers, i.
e.,
 []

[361] [362]
Underfull \vbox (badness 10000) detected at line 10855
 []


Underfull \vbox (badness 10000) detected at line 10855
 []

[363]
Underfull \vbox (badness 10000) detected at line 10855
 []


Underfull \vbox (badness 10000) detected at line 10855
 []

[364]
Underfull \vbox (badness 10000) detected at line 10855
 []


Underfull \vbox (badness 10000) detected at line 10855
 []

[365]
Overfull \hbox (3.13298pt too wide) in paragraph at lines 10864--10866
\TU/lmr/m/n/10 treatment difference FOMs, averaged over readers, i.e., $[][][]$
. 
 []

[366]
Underfull \hbox (badness 1158) in paragraph at lines 10884--10885
[]\TU/lmtt/m/n/10 st4$FRRC$ciDiffTrtEachRdr \TU/lmr/m/n/10 contains confidence 
intervals for inter-
 []

[367] [368]
Chapter 22.
[369

]
Overfull \hbox (43.96234pt too wide) has occurred while \output is active
\TU/lmr/m/n/10 370 \TU/lmr/m/sl/10 CHAPTER 22.  SAMPLE SIZE ESTIMATION FOR ROC 
STUDIES DBM METHOD
 []

[370] [371]
Underfull \vbox (badness 1052) has occurred while \output is active []


Overfull \hbox (43.96234pt too wide) has occurred while \output is active
\TU/lmr/m/n/10 372 \TU/lmr/m/sl/10 CHAPTER 22.  SAMPLE SIZE ESTIMATION FOR ROC 
STUDIES DBM METHOD
 []

[372] [373]
Underfull \hbox (badness 4072) in paragraph at lines 11040--11040
[]\TU/lmr/bx/n/14.4 Formulae for fixed-reader random-case
 []


Overfull \hbox (43.96234pt too wide) has occurred while \output is active
\TU/lmr/m/n/10 374 \TU/lmr/m/sl/10 CHAPTER 22.  SAMPLE SIZE ESTIMATION FOR ROC 
STUDIES DBM METHOD
 []

[374] [375]
Overfull \hbox (43.96234pt too wide) has occurred while \output is active
\TU/lmr/m/n/10 376 \TU/lmr/m/sl/10 CHAPTER 22.  SAMPLE SIZE ESTIMATION FOR ROC 
STUDIES DBM METHOD
 []

[376

]
Chapter 23.
[377]
Overfull \hbox (35.21234pt too wide) has occurred while \output is active
\TU/lmr/m/n/10 378 \TU/lmr/m/sl/10 CHAPTER 23.  SAMPLE SIZE ESTIMATION FOR ROC 
STUDIES OR METHOD
 []

[378] [379]
Underfull \hbox (badness 4072) in paragraph at lines 11218--11218
[]\TU/lmr/bx/n/14.4 Formulae for fixed-reader random-case
 []


Underfull \vbox (badness 7099) has occurred while \output is active []


Overfull \hbox (35.21234pt too wide) has occurred while \output is active
\TU/lmr/m/n/10 380 \TU/lmr/m/sl/10 CHAPTER 23.  SAMPLE SIZE ESTIMATION FOR ROC 
STUDIES OR METHOD
 []

[380]
Overfull \hbox (113.97235pt too wide) has occurred while \output is active
\TU/lmr/m/sl/10 23.4.  FORMULAE FOR FIXED-READER RANDOM-CASE (FRRC) SAMPLE SIZE
 ESTIMATION \TU/lmr/m/n/10 381
 []

[381]
Overfull \hbox (35.21234pt too wide) has occurred while \output is active
\TU/lmr/m/n/10 382 \TU/lmr/m/sl/10 CHAPTER 23.  SAMPLE SIZE ESTIMATION FOR ROC 
STUDIES OR METHOD
 []

[382] [383]
Overfull \hbox (35.21234pt too wide) has occurred while \output is active
\TU/lmr/m/n/10 384 \TU/lmr/m/sl/10 CHAPTER 23.  SAMPLE SIZE ESTIMATION FOR ROC 
STUDIES OR METHOD
 []

[384

] [385] [386]
Chapter 24.
[387

] [388]
File: images/4Paradigms.png Graphic file (type bmp)
<images/4Paradigms.png>

Underfull \hbox (badness 10000) in paragraph at lines 11364--11364
[][]
 []

[389] [390] [391] [392] [393]
Underfull \vbox (badness 10000) has occurred while \output is active []

[394] [395]
Overfull \hbox (32.21999pt too wide) in paragraph at lines 11468--11483
 [][] 
 []

[396]
Overfull \hbox (88.89342pt too wide) has occurred while \output is active
\TU/lmr/m/sl/10 24.6.  THE FREE-RESPONSE RECEIVER OPERATING CHARACTERISTIC (FRO
C) PLOT \TU/lmr/m/n/10 397
 []

[397] [398]
File: images/12-froc/SimulateFrocDataset.png Graphic file (type bmp)
<images/12-froc/SimulateFrocDataset.png>
[399] [400]
File: 12-froc_files/figure-latex/froc-paradigm-plots-1.pdf Graphic file (type p
df)
<use 12-froc_files/figure-latex/froc-paradigm-plots-1.pdf>
[401] [402] [403]
File: 12-froc_files/figure-latex/froc-paradigm-plots2-1.pdf Graphic file (type 
pdf)
<use 12-froc_files/figure-latex/froc-paradigm-plots2-1.pdf>
[404] [405] [406]
Overfull \hbox (59.16562pt too wide) has occurred while \output is active
\TU/lmr/m/sl/10 24.10.  THE “SOLAR” ANALOGY: SEARCH VS. CLASSIFICATION PERFORMA
NCE \TU/lmr/m/n/10 407
 []

[407] [408]
Underfull \vbox (badness 1558) has occurred while \output is active []


Overfull \hbox (59.16562pt too wide) has occurred while \output is active
\TU/lmr/m/sl/10 24.10.  THE “SOLAR” ANALOGY: SEARCH VS. CLASSIFICATION PERFORMA
NCE \TU/lmr/m/n/10 409
 []

[409]
Underfull \hbox (badness 2103) in paragraph at lines 11766--11768
[]\TU/lmr/m/n/10 Avoid using the term “lesion-specific” to describe location-sp
ecific
 []

[410]
Chapter 25.
[411

] [412]
Overfull \hbox (3.09082pt too wide) in paragraph at lines 11877--11914
 [][] 
 []

[413] [414] [415] [416] [417] [418] [419] [420] [421] [422] [423]
Overfull \hbox (2.35574pt too wide) in paragraph at lines 12285--12286
\TU/lmr/m/n/10 The empirical wAFROC plot connects adjacent operating points $[]
$,
 []

[424]
Underfull \hbox (badness 1348) in paragraph at lines 12327--12328
\TU/lmr/m/n/10 An \TU/lmr/m/it/10 exponentially transformed FROC \TU/lmr/m/n/10
 (EFROC) plot has been proposed
 []

[425] [426]
Chapter 26.
[427

]
Underfull \vbox (badness 10000) has occurred while \output is active []

[428] [429]
Underfull \hbox (badness 1540) in paragraph at lines 12471--12472
[]\TU/lmr/m/n/10 It is seen to consist of three \TU/lmtt/m/n/10 list \TU/lmr/m/
n/10 members: \TU/lmtt/m/n/10 ratings\TU/lmr/m/n/10 , \TU/lmtt/m/n/10 lesions \
TU/lmr/m/n/10 and
 []

[430] [431] [432]
File: 13b-froc-empirical2_files/figure-latex/froc-afroc-roc-raw-seed1-1.pdf Gra
phic file (type pdf)
<use 13b-froc-empirical2_files/figure-latex/froc-afroc-roc-raw-seed1-1.pdf>
[433]
File: 13b-froc-empirical2_files/figure-latex/froc-afroc-roc-raw-seed2-1.pdf Gra
phic file (type pdf)
<use 13b-froc-empirical2_files/figure-latex/froc-afroc-roc-raw-seed2-1.pdf>
[434]
File: 13b-froc-empirical2_files/figure-latex/froc-afroc-chance-level-1.pdf Grap
hic file (type pdf)
<use 13b-froc-empirical2_files/figure-latex/froc-afroc-chance-level-1.pdf>
[435] [436] [437] [438]
File: 13b-froc-empirical2_files/figure-latex/froc-afroc-roc-binned-seed1-1.pdf 
Graphic file (type pdf)
<use 13b-froc-empirical2_files/figure-latex/froc-afroc-roc-binned-seed1-1.pdf>
File: 13b-froc-empirical2_files/figure-latex/froc-afroc-roc-binned-seed2-1.pdf 
Graphic file (type pdf)
<use 13b-froc-empirical2_files/figure-latex/froc-afroc-roc-binned-seed2-1.pdf>
[439] [440] [441]
Underfull \hbox (badness 10000) in paragraph at lines 12785--12787

 []


Underfull \hbox (badness 10000) in paragraph at lines 12814--12816

 []


Underfull \hbox (badness 10000) in paragraph at lines 12816--12818

 []

[442] [443] [444

]
Chapter 27.
[445] [446] [447]
File: 13c-froc-vs-wafroc_files/figure-latex/froc-vs-wafroc-plot1-1.pdf Graphic 
file (type pdf)
<use 13c-froc-vs-wafroc_files/figure-latex/froc-vs-wafroc-plot1-1.pdf>
[448]
File: 13c-froc-vs-wafroc_files/figure-latex/froc-vs-wafroc-plot2-1.pdf Graphic 
file (type pdf)
<use 13c-froc-vs-wafroc_files/figure-latex/froc-vs-wafroc-plot2-1.pdf>
[449] [450]
Underfull \hbox (badness 1968) in paragraph at lines 12967--12967
[]\TU/lmr/bx/n/12 Small difference in performance and identical
 []

File: 13c-froc-vs-wafroc_files/figure-latex/froc-vs-wafroc-plot3-1.pdf Graphic 
file (type pdf)
<use 13c-froc-vs-wafroc_files/figure-latex/froc-vs-wafroc-plot3-1.pdf>
[451] [452] [453] [454]
LaTeX Font Info:    Font shape `TU/latinmodern-math.otf(1)/m/n' will be
(Font)              scaled to size 14.4pt on input line 13122.
LaTeX Font Info:    Font shape `TU/latinmodern-math.otf(2)/m/n' will be
(Font)              scaled to size 14.4013pt on input line 13122.
LaTeX Font Info:    Font shape `TU/latinmodern-math.otf(3)/m/n' will be
(Font)              scaled to size 14.39845pt on input line 13122.
[455] [456

]
Chapter 28.
[457] [458]
Underfull \vbox (badness 2735) has occurred while \output is active []

[459] [460]
File: 14-froc-meanings-foms-ocs_files/figure-latex/froc-meanings-theorems-1.pdf
 Graphic file (type pdf)
<use 14-froc-meanings-foms-ocs_files/figure-latex/froc-meanings-theorems-1.pdf>

[461] [462] [463]
File: 14-froc-meanings-foms-ocs_files/figure-latex/plots-p1-p2-1.pdf Graphic fi
le (type pdf)
<use 14-froc-meanings-foms-ocs_files/figure-latex/plots-p1-p2-1.pdf>
[464] [465] [466]
File: 14-froc-meanings-foms-ocs_files/figure-latex/froc-meanings-linear-plot-af
roc-wafroc-1.pdf Graphic file (type pdf)
<use 14-froc-meanings-foms-ocs_files/figure-latex/froc-meanings-linear-plot-afr
oc-wafroc-1.pdf>
File: 14-froc-meanings-foms-ocs_files/figure-latex/froc-meanings-afroc-wafroc-1
.pdf Graphic file (type pdf)
<use 14-froc-meanings-foms-ocs_files/figure-latex/froc-meanings-afroc-wafroc-1.
pdf>
[467] [468] [469] [470]
Underfull \vbox (badness 1189) has occurred while \output is active []

[471] [472] [473] [474

]
Chapter 29.
[475]
File: images/15-visual-search/usPresidents.png Graphic file (type bmp)
<images/15-visual-search/usPresidents.png>
File: images/15-visual-search/chest-imageA.png Graphic file (type bmp)
<images/15-visual-search/chest-imageA.png>
File: images/15-visual-search/chest-imageB.png Graphic file (type bmp)
<images/15-visual-search/chest-imageB.png>
[476] [477] [478] [479] [480]
File: images/15-visual-search/eye.png Graphic file (type bmp)
<images/15-visual-search/eye.png>
[481] [482]
File: images/15-visual-search/kundel-nodine.png Graphic file (type bmp)
<images/15-visual-search/kundel-nodine.png>
[483] [484] [485]
File: images/15-visual-search/eye-tracking-4-images.png Graphic file (type bmp)

<images/15-visual-search/eye-tracking-4-images.png>

Underfull \hbox (badness 2818) in paragraph at lines 13727--13727
[]\TU/lmr/bx/n/14.4 Kundel-Nodine model and CAD algo-
 []


Underfull \vbox (badness 10000) has occurred while \output is active []

[486] [487]
Underfull \vbox (badness 10000) has occurred while \output is active []

[488]
File: images/15-visual-search/eye-tracking-froc.png Graphic file (type bmp)
<images/15-visual-search/eye-tracking-froc.png>

Overfull \hbox (20.68452pt too wide) has occurred while \output is active
\TU/lmr/m/sl/10 29.10.  SIMULTANEOUSLY ACQUIRED EYE-TRACKING AND FROC DATA \TU/
lmr/m/n/10 489
 []

[489] [490]
Underfull \hbox (badness 1571) in paragraph at lines 13774--13775
[]\TU/lmr/m/n/10 A jackknife-based method for measuring individual case-level a
greement
 []


Overfull \hbox (20.68452pt too wide) has occurred while \output is active
\TU/lmr/m/sl/10 29.10.  SIMULTANEOUSLY ACQUIRED EYE-TRACKING AND FROC DATA \TU/
lmr/m/n/10 491
 []

[491] [492]
Underfull \vbox (badness 2181) has occurred while \output is active []

[493] [494]
Chapter 30.
[495

] [496] [497]
Underfull \hbox (badness 10000) in paragraph at lines 13923--13925

 []


Underfull \hbox (badness 10000) in paragraph at lines 13933--13935

 []


Underfull \hbox (badness 10000) in paragraph at lines 13938--13940

 []

[498] [499] [500] [501] [502] [503] [504] [505]
Underfull \hbox (badness 1052) in paragraph at lines 14333--14335
\TU/lmr/m/n/10 (CAMPI): An application to the measurement of microcalcification

 []


Underfull \hbox (badness 1009) in paragraph at lines 14335--14337
\TU/lmr/m/n/10 of mammography accreditation phantom images. Medical Physics.
 []

[506]
Chapter 31.
[507

] [508] [509] [510] [511] [512]
Overfull \hbox (553.00676pt too wide) in paragraph at lines 14516--14523
[]\TU/lmr/m/n/10 restart; phi := proc (t, mu) exp(-(1/2)\TU/lmr/m/it/10 (t-mu)$
[]$(L-
 []

[513]
Overfull \hbox (2.70856pt too wide) detected at line 14553
[] [] [][][] [] [] [] [] [][][] [] [] [] [] [][][] []
 []

[514]
Overfull \hbox (27.69539pt too wide) detected at line 14573
[][] [] [] [] [] [][] [][][] []
 []


Overfull \hbox (90.57784pt too wide) detected at line 14588
[][] [] [] [] [][] []
 []

[515] [516]
Overfull \hbox (28.57622pt too wide) detected at line 14673
[] []
 []

[517]
File: images/rsm-predictions/util-analytical-aucs-rsm.png Graphic file (type bm
p)
<images/rsm-predictions/util-analytical-aucs-rsm.png>
[518]
Overfull \hbox (80.25pt too wide) in paragraph at lines 14717--14717
[]\TU/lmtt/m/n/10 ## mu =  1 , lambda =  1 , nu =  1 , AUC/ROC =  0.7802109 , A
UC/AFROC =  0.577889[] 
 []


Underfull \vbox (badness 10000) has occurred while \output is active []

[519] [520]
File: 17a-rsm-predictions_files/figure-latex/rsm-predictions-fig-auc-mu-plots-1
.pdf Graphic file (type pdf)
<use 17a-rsm-predictions_files/figure-latex/rsm-predictions-fig-auc-mu-plots-1.
pdf>
[521] [522]
File: 17a-rsm-predictions_files/figure-latex/rsm-predictions-fig-pdf-mu-plots-1
.pdf Graphic file (type pdf)
<use 17a-rsm-predictions_files/figure-latex/rsm-predictions-fig-pdf-mu-plots-1.
pdf>
[523] [524]
File: 17a-rsm-predictions_files/figure-latex/rsm-predictions-fig-froc-mu-plots-
1.pdf Graphic file (type pdf)
<use 17a-rsm-predictions_files/figure-latex/rsm-predictions-fig-froc-mu-plots-1
.pdf>
File: 17a-rsm-predictions_files/figure-latex/rsm-predictions-fig-afroc-mu-plots
-1.pdf Graphic file (type pdf)
<use 17a-rsm-predictions_files/figure-latex/rsm-predictions-fig-afroc-mu-plots-
1.pdf>
[525] [526] [527] [528] [529]
Missing character: There is no ≥ in font [lmroman10-regular]:mapping=tex-text;!
[530] [531] [532]
Underfull \hbox (badness 1052) in paragraph at lines 14995--14997
\TU/lmr/m/n/10 (CAMPI): An application to the measurement of microcalcification

 []

[533]
Underfull \hbox (badness 1009) in paragraph at lines 14997--14999
\TU/lmr/m/n/10 of mammography accreditation phantom images. Medical Physics.
 []

[534]
Chapter 32.
[535

]
Underfull \hbox (badness 2744) in paragraph at lines 15020--15020
[]\TU/lmr/bx/n/14.4 Quantifying search performance #rsm-
 []

[536] [537]
Underfull \hbox (badness 4403) in paragraph at lines 15056--15056
[]\TU/lmr/bx/n/12 Significance of measuring search and lesion-
 []

[538]
Missing character: There is no ≥ in font [lmroman10-regular]:mapping=tex-text;!
[539] [540] [541] [542]
Underfull \hbox (badness 1052) in paragraph at lines 15111--15113
\TU/lmr/m/n/10 (CAMPI): An application to the measurement of microcalcification

 []


Underfull \hbox (badness 1009) in paragraph at lines 15113--15115
\TU/lmr/m/n/10 of mammography accreditation phantom images. Medical Physics.
 []

[543] [544

]
Chapter 33.
[545]
Overfull \hbox (62.01123pt too wide) has occurred while \output is active
\TU/lmr/m/n/10 546 \TU/lmr/m/sl/10 CHAPTER 33.  THE FROC SHOULD NOT BE USED TO 
MEASURE PERFORMANCE
 []

[546]
Overfull \hbox (52.56013pt too wide) has occurred while \output is active
\TU/lmr/m/sl/10 33.3.  THE FROC CURVE IS A POOR DESCRIPTOR OF SEARCH PERFORMANC
E \TU/lmr/m/n/10 547
 []

[547]
Overfull \hbox (62.01123pt too wide) has occurred while \output is active
\TU/lmr/m/n/10 548 \TU/lmr/m/sl/10 CHAPTER 33.  THE FROC SHOULD NOT BE USED TO 
MEASURE PERFORMANCE
 []

[548]
Overfull \hbox (52.56013pt too wide) has occurred while \output is active
\TU/lmr/m/sl/10 33.3.  THE FROC CURVE IS A POOR DESCRIPTOR OF SEARCH PERFORMANC
E \TU/lmr/m/n/10 549
 []

[549]
Missing character: There is no ≥ in font [lmroman10-regular]:mapping=tex-text;!

Overfull \hbox (62.01123pt too wide) has occurred while \output is active
\TU/lmr/m/n/10 550 \TU/lmr/m/sl/10 CHAPTER 33.  THE FROC SHOULD NOT BE USED TO 
MEASURE PERFORMANCE
 []

[550] [551]
Overfull \hbox (62.01123pt too wide) has occurred while \output is active
\TU/lmr/m/n/10 552 \TU/lmr/m/sl/10 CHAPTER 33.  THE FROC SHOULD NOT BE USED TO 
MEASURE PERFORMANCE
 []

[552]
Underfull \hbox (badness 1052) in paragraph at lines 15231--15233
\TU/lmr/m/n/10 (CAMPI): An application to the measurement of microcalcification

 []

[553]
Underfull \hbox (badness 1009) in paragraph at lines 15233--15235
\TU/lmr/m/n/10 of mammography accreditation phantom images. Medical Physics.
 []


Overfull \hbox (62.01123pt too wide) has occurred while \output is active
\TU/lmr/m/n/10 554 \TU/lmr/m/sl/10 CHAPTER 33.  THE FROC SHOULD NOT BE USED TO 
MEASURE PERFORMANCE
 []

[554]
Chapter 34.
[555

] [556] [557] [558] [559] [560]
Missing character: There is no α in font [lmroman10-regular]:mapping=tex-text;!
[561] [562] [563] [564

]
Chapter 35.
[565] [566] [567] [568] [569]
Missing character: There is no α in font [lmroman10-regular]:mapping=tex-text;!
[570] [571] [572

]
Chapter 36.
[573] [574] [575]
Overfull \hbox (252.635pt too wide) detected at line 15522
[][][][] [] [][][] [] []  [] [] [] []  [] [][][][] [] []  [] [][][][] [] []  []
 [][][] [] []  [] [] [][][] []
 []

[576]
Overfull \hbox (61.14264pt too wide) detected at line 15543
[][][][] [] [] [] []  [] [][][][] [] []  [] [][][][] [] []  [] [][][][]  [] [] 
[][][] []
 []

File: images/rsm-fitting/two-views.png Graphic file (type bmp)
<images/rsm-fitting/two-views.png>
[577] [578]
Overfull \hbox (37.83292pt too wide) detected at line 15585
[][][][] [] [] []
 []

[579]
File: images/rsm-fitting/idca-roc-froc-scaling.png Graphic file (type bmp)
<images/rsm-fitting/idca-roc-froc-scaling.png>
[580] [581]
Overfull \hbox (104.72165pt too wide) detected at line 15675
[][] [] [] [] [] [] [] [] [][] [] []  [] [] 
 []

[582]
Underfull \hbox (badness 10000) in paragraph at lines 15716--15717
\TU/lmtt/m/n/10 <- FitRsmRoc(binnedRocData, lesDistr, trt = 1, rdr = 1)\TU/lmr/
m/n/10 , where
 []

[583] [584] [585]
File: 19a-rsm-fitting_files/figure-latex/unnamed-chunk-2-1.pdf Graphic file (ty
pe pdf)
<use 19a-rsm-fitting_files/figure-latex/unnamed-chunk-2-1.pdf>
[586] [587] [588

]
Chapter 37.
[589]
Underfull \hbox (badness 4954) in paragraph at lines 15872--15874
[]\TU/lmr/m/n/10 In the current example \TU/lmtt/m/n/10 startIndx = 2 \TU/lmr/m
/n/10 and \TU/lmtt/m/n/10 endIndx = 3\TU/lmr/m/n/10 ; i.e.,
 []


Underfull \hbox (badness 1590) in paragraph at lines 15872--15874
\TU/lmr/m/n/10 two datasets are analyzed corresponding to \TU/lmtt/m/n/10 datas
etNames[2] \TU/lmr/m/n/10 and
 []

[590]
File: 19b-rsm-3-fits_files/figure-latex/unnamed-chunk-2-1.pdf Graphic file (typ
e pdf)
<use 19b-rsm-3-fits_files/figure-latex/unnamed-chunk-2-1.pdf>
[591]
File: 19b-rsm-3-fits_files/figure-latex/unnamed-chunk-3-1.pdf Graphic file (typ
e pdf)
<use 19b-rsm-3-fits_files/figure-latex/unnamed-chunk-3-1.pdf>

Underfull \hbox (badness 10000) in paragraph at lines 15959--15961

 []

[592]
Overfull \hbox (69.16pt too wide) in paragraph at lines 15965--15968
[]\TU/lmr/m/n/10 Treatment 2 and reader 1 values would be accessed as \TU/lmtt/
m/n/10 resultsArr[[1]][[6]]$retRsm$mu\TU/lmr/m/n/10 ,
 []

[593] [594] [595] [596]
Overfull \hbox (37.04001pt too wide) in paragraph at lines 16158--16159
[]\TU/lmr/m/n/10 The code for calculating the average slopes is in \TU/lmtt/m/n
/10 R/compare-3-fits/slopesConvVsRsm.R
 []


Overfull \hbox (136.67pt too wide) in paragraph at lines 16158--16159
\TU/lmr/m/n/10 and that for calculating the bootstrap confidence intervals is i
n \TU/lmtt/m/n/10 R/compare-3-fits/slopesAucsConvVsRsmCI.R\TU/lmr/m/n/10 . 
 []

File: 19b-rsm-3-fits_files/figure-latex/rsm-3-fits-plots-2-1.pdf Graphic file (
type pdf)
<use 19b-rsm-3-fits_files/figure-latex/rsm-3-fits-plots-2-1.pdf>
File: 19b-rsm-3-fits_files/figure-latex/rsm-3-fits-plots-3-1.pdf Graphic file (
type pdf)
<use 19b-rsm-3-fits_files/figure-latex/rsm-3-fits-plots-3-1.pdf>
[597] [598] [599]
File: 19b-rsm-3-fits_files/figure-latex/rsm-3-fits-histo-slopes-1.pdf Graphic f
ile (type pdf)
<use 19b-rsm-3-fits_files/figure-latex/rsm-3-fits-histo-slopes-1.pdf>

Underfull \vbox (badness 10000) has occurred while \output is active []

[600]
Underfull \vbox (badness 10000) has occurred while \output is active []

[601] [602] [603]
Underfull \hbox (badness 1231) in paragraph at lines 16321--16321
[][][]\TU/lmr/m/n/8 The raw datasets (Excel files) are in folder \TU/lmtt/m/n/8
 R/compare-3-fits/Datasets \TU/lmr/m/n/8 and file
 []

File: images/compare-3-fits/datasets.png Graphic file (type bmp)
<images/compare-3-fits/datasets.png>
[604] [605]
Overfull \hbox (12.0pt too wide) in paragraph at lines 16410--16410
[]\TU/lmtt/m/n/10 ##  $ LL   : num [1:2, 1:4, 1:42, 1:15] -Inf -Inf -Inf -Inf -
Inf ...[] 
 []


Overfull \hbox (12.0pt too wide) in paragraph at lines 16449--16449
[]\TU/lmtt/m/n/10 ##  $ LL   : num [1, 1:10, 1:80, 1] 29 12 13 10 41 67 61 51 6
7 0 ...[] 
 []


Overfull \hbox (12.0pt too wide) in paragraph at lines 16475--16475
[]\TU/lmtt/m/n/10 ##  $ NL   : num [1:4, 1:5, 1:158, 1:4] -Inf -Inf -Inf -Inf -
Inf ...[] 
 []

[606]
Overfull \hbox (17.25pt too wide) in paragraph at lines 16475--16475
[]\TU/lmtt/m/n/10 ##  $ LL   : num [1:4, 1:5, 1:115, 1:20] -Inf -Inf -Inf -Inf 
-Inf ...[] 
 []


Overfull \hbox (1.5pt too wide) in paragraph at lines 16488--16488
[]\TU/lmtt/m/n/10 ##  $ NL   : num [1:4, 1:5, 1:152, 1] -Inf -Inf -Inf -Inf -In
f ...[] 
 []


Overfull \hbox (17.25pt too wide) in paragraph at lines 16501--16501
[]\TU/lmtt/m/n/10 ##  $ LL   : num [1:4, 1:5, 1:106, 1:15] -Inf -Inf -Inf -Inf 
-Inf ...[] 
 []

File: images/compare-3-fits/MRMCRuns.png Graphic file (type bmp)
<images/compare-3-fits/MRMCRuns.png>
File: images/compare-3-fits/MRMCRuns-VD.png Graphic file (type bmp)
<images/compare-3-fits/MRMCRuns-VD.png>

Overfull \hbox (17.61pt too wide) in paragraph at lines 16539--16540
[]\TU/lmr/m/n/10 The contents of \TU/lmtt/m/n/10 R/compare-3-fits/MRMCRuns/VD/V
Dproprocnormareapooled.csv
 []

[607] [608]
File: images/compare-3-fits/vanDyke.png Graphic file (type bmp)
<images/compare-3-fits/vanDyke.png>
File: images/compare-3-fits/RSM6.png Graphic file (type bmp)
<images/compare-3-fits/RSM6.png>
File: 19b-rsm-3-fits_files/figure-latex/rsm-3-fits-plots-1-1-1.pdf Graphic file
 (type pdf)
<use 19b-rsm-3-fits_files/figure-latex/rsm-3-fits-plots-1-1-1.pdf>
[609] [610]
File: 19b-rsm-3-fits_files/figure-latex/rsm-3-fits-plots-1-2-1.pdf Graphic file
 (type pdf)
<use 19b-rsm-3-fits_files/figure-latex/rsm-3-fits-plots-1-2-1.pdf>
File: 19b-rsm-3-fits_files/figure-latex/rsm-3-fits-plots-1-3-1.pdf Graphic file
 (type pdf)
<use 19b-rsm-3-fits_files/figure-latex/rsm-3-fits-plots-1-3-1.pdf>
File: 19b-rsm-3-fits_files/figure-latex/rsm-3-fits-plots-1-4-1.pdf Graphic file
 (type pdf)
<use 19b-rsm-3-fits_files/figure-latex/rsm-3-fits-plots-1-4-1.pdf>
File: 19b-rsm-3-fits_files/figure-latex/rsm-3-fits-plots-1-5-1.pdf Graphic file
 (type pdf)
<use 19b-rsm-3-fits_files/figure-latex/rsm-3-fits-plots-1-5-1.pdf>
[611] [612] [613] [614] [615] [616

] [617] [618]
Chapter 38.
[619

] [620] [621]
Overfull \hbox (15.98001pt too wide) in paragraph at lines 16664--16689
 [][] 
 []

[622] [623] [624] [625] [626] [627]
Underfull \hbox (badness 1472) in paragraph at lines 16880--16881
\TU/lmr/m/n/10 The three analyses, namely random-reader fixed-case (1T-RRFC), d
ual-
 []


Underfull \hbox (badness 3557) in paragraph at lines 16880--16881
\TU/lmr/m/n/10 treatment random-reader random-case (2T-RRRC) and single-treatme
nt
 []

[628] [629] [630]
Underfull \vbox (badness 5622) has occurred while \output is active []

[631]
Underfull \vbox (badness 1609) has occurred while \output is active []

[632] [633] [634] [635]
Underfull \hbox (badness 1189) in paragraph at lines 17254--17256
[]\TU/lmtt/m/n/10 PrGtt \TU/lmr/m/n/10 contains the probability of exceeding th
e magnitude of the
 []


Underfull \hbox (badness 2080) in paragraph at lines 17274--17275
[]\TU/lmr/m/n/10 The difference figure of merit statistics are contained in a d
ataframe
 []


Underfull \hbox (badness 1189) in paragraph at lines 17287--17289
[]\TU/lmtt/m/n/10 PrGtt \TU/lmr/m/n/10 contains the probability of exceeding th
e magnitude of the
 []

[636] [637] [638]
Chapter 39.

Underfull \hbox (badness 1237) in paragraph at lines 17389--17391
\TU/lmr/m/n/10 17 returns \TU/lmtt/m/n/10 -wAFROC\TU/lmr/m/n/10 , the \TU/lmr/m
/it/10 negative \TU/lmr/m/n/10 of wAFROC-AUC. The negative
 []

[639

]
Underfull \vbox (badness 3525) has occurred while \output is active []

[640]
Underfull \hbox (badness 10000) in paragraph at lines 17453--17455

 []


Underfull \hbox (badness 10000) in paragraph at lines 17455--17457

 []

[641] [642] [643]
File: 21-optim-op-point_files/figure-latex/optim-op-point-vary-lambda-1.pdf Gra
phic file (type pdf)
<use 21-optim-op-point_files/figure-latex/optim-op-point-vary-lambda-1.pdf>

Underfull \hbox (badness 10000) in paragraph at lines 17625--17627

 []


Underfull \hbox (badness 10000) in paragraph at lines 17627--17629

 []

[644] [645]
File: 21-optim-op-point_files/figure-latex/optim-op-point-vary-lambda-wafroc-1.
pdf Graphic file (type pdf)
<use 21-optim-op-point_files/figure-latex/optim-op-point-vary-lambda-wafroc-1.p
df>
[646]
File: 21-optim-op-point_files/figure-latex/optim-op-point-vary-nu-1.pdf Graphic
 file (type pdf)
<use 21-optim-op-point_files/figure-latex/optim-op-point-vary-nu-1.pdf>
[647] [648]
File: 21-optim-op-point_files/figure-latex/optim-op-point-vary-nu-wafroc-1.pdf 
Graphic file (type pdf)
<use 21-optim-op-point_files/figure-latex/optim-op-point-vary-nu-wafroc-1.pdf>

Underfull \vbox (badness 1342) has occurred while \output is active []

[649] [650]
File: 21-optim-op-point_files/figure-latex/optim-op-point-vary-mu-1.pdf Graphic
 file (type pdf)
<use 21-optim-op-point_files/figure-latex/optim-op-point-vary-mu-1.pdf>
File: 21-optim-op-point_files/figure-latex/optim-op-point-vary-mu-wafroc-1.pdf 
Graphic file (type pdf)
<use 21-optim-op-point_files/figure-latex/optim-op-point-vary-mu-wafroc-1.pdf>
[651]

LaTeX Warning: Reference `fig:optim-op-point-froc-auc-vs-zeta1-01' on page 652 
undefined on input line 17790.

[652] [653] [654

]
Chapter 40.
[655]
File: images/classification/File1Truth.png Graphic file (type bmp)
<images/classification/File1Truth.png>
File: images/classification/File1TP.png Graphic file (type bmp)
<images/classification/File1TP.png>
[656]
File: images/classification/File1FP.png Graphic file (type bmp)
<images/classification/File1FP.png>
[657]
File: images/classification/File2TP.png Graphic file (type bmp)
<images/classification/File2TP.png>
[658]
File: images/classification/File3TP.png Graphic file (type bmp)
<images/classification/File3TP.png>
File: images/classification/File3FP.png Graphic file (type bmp)
<images/classification/File3FP.png>
[659]
File: images/classification/File4Truth.png Graphic file (type bmp)
<images/classification/File4Truth.png>
File: images/classification/File4TP.png Graphic file (type bmp)
<images/classification/File4TP.png>
File: images/classification/File4FP.png Graphic file (type bmp)
<images/classification/File4FP.png>
[660]
Underfull \vbox (badness 10000) has occurred while \output is active []

[661] [662]
Chapter 41.
(./RJafrocBook.bbl [663

] [664

] [665] [666] [667] [668] [669] [670] [671] [672] [673] [674] [675] [676]) [677
] (./RJafrocBook.aux)

LaTeX Warning: There were undefined references.

Package rerunfilecheck Info: File `RJafrocBook.out' has not changed.
(rerunfilecheck)             Checksum: 0E3445B0755FB9204AC222E8909534E5;74708.
 ) 
Here is how much of TeX's memory you used:
 20523 strings out of 478968
 395882 string characters out of 5867942
 1007625 words of memory out of 5000000
 39892 multiletter control sequences out of 15000+600000
 411060 words of font info for 101 fonts, out of 8000000 for 9000
 14 hyphenation exceptions out of 8191
 98i,18n,122p,3177b,722s stack positions out of 5000i,500n,10000p,200000b,80000s

Output written on RJafrocBook.pdf (677 pages).
